

Microchip Technology PIC18 LITE Macro Assembler V1.45 build -152302408 
                                                                                               Tue May 29 11:47:01 2018

Microchip Technology Omniscient Code Generator v1.45 (Free mode) build 201711160504
     1                           	processor	18F26K22
     2                           	fnconf	rparam,??,?,0
     3                           	opt	pw 120
     4                           	opt	lm
     5                           	psect	cinit,global,reloc=2,class=CODE,delta=1
     6                           	psect	bssCOMRAM,global,class=COMRAM,space=1,delta=1,noexec
     7                           	psect	cstackCOMRAM,global,class=COMRAM,space=1,delta=1,noexec
     8                           	psect	text0,global,reloc=2,class=CODE,delta=1
     9                           	psect	text1,global,reloc=2,class=CODE,delta=1
    10                           	psect	text2,global,reloc=2,class=CODE,delta=1
    11                           	psect	text3,global,reloc=2,class=CODE,delta=1
    12                           	psect	text4,global,reloc=2,class=CODE,delta=1
    13                           	psect	intcode,global,reloc=2,class=CODE,delta=1
    14                           	psect	intsave_regs,global,class=BIGRAM,space=1,delta=1,noexec
    15                           	psect	rparam,global,class=COMRAM,space=1,delta=1,noexec
    16                           	psect	temp,global,ovrld,common,class=COMRAM,space=1,delta=1
    17  0000                     
    18                           ; Version 1.45
    19                           ; Generated 16/11/2017 GMT
    20                           ; 
    21                           ; Copyright © 2017, Microchip Technology Inc. and its subsidiaries ("Microchip")
    22                           ; All rights reserved.
    23                           ; 
    24                           ; This software is developed by Microchip Technology Inc. and its subsidiaries ("Microch
      +                          ip").
    25                           ; 
    26                           ; Redistribution and use in source and binary forms, with or without modification, are
    27                           ; permitted provided that the following conditions are met:
    28                           ; 
    29                           ;     1. Redistributions of source code must retain the above copyright notice, this lis
      +                          t of
    30                           ;        conditions and the following disclaimer.
    31                           ; 
    32                           ;     2. Redistributions in binary form must reproduce the above copyright notice, this 
      +                          list
    33                           ;        of conditions and the following disclaimer in the documentation and/or other
    34                           ;        materials provided with the distribution.
    35                           ; 
    36                           ;     3. Microchip's name may not be used to endorse or promote products derived from th
      +                          is
    37                           ;        software without specific prior written permission.
    38                           ; 
    39                           ; THIS SOFTWARE IS PROVIDED BY MICROCHIP "AS IS" AND ANY EXPRESS OR IMPLIED WARRANTIES,
    40                           ; INCLUDING, BUT NOT LIMITED TO, THE IMPLIED WARRANTIES OF MERCHANTABILITY AND FITNESS F
      +                          OR
    41                           ; PURPOSE ARE DISCLAIMED.  IN NO EVENT SHALL MICROCHIP BE LIABLE FOR ANY DIRECT, INDIREC
      +                          T,
    42                           ; INCIDENTAL, SPECIAL, EXEMPLARY, OR CONSEQUENTIAL DAMAGES (INCLUDING BUT NOT LIMITED TO
    43                           ; PROCUREMENT OF SUBSTITUTE GOODS OR SERVICES; LOSS OF USE, DATA OR PROFITS; OR BUSINESS
    44                           ; INTERRUPTION) HOWSOEVER CAUSED AND ON ANY THEORY OF LIABILITY, WHETHER IN CONTRACT, ST
      +                          RICT
    45                           ; LIABILITY, OR TORT (INCLUDING NEGLIGENCE OR OTHERWISE) ARISING IN ANY WAY OUT OF THE U
      +                          SE OF
    46                           ; THIS SOFTWARE, EVEN IF ADVISED OF THE POSSIBILITY OF SUCH DAMAGE.
    47                           ; 
    48                           ; 
    49                           ; Code-generator required, PIC18F26K22 Definitions
    50                           ; 
    51                           ; SFR Addresses
    52  0000                     _ANSELB	set	3897
    53  0000                     _ANSELC	set	3898
    54  0000                     _ANSELA	set	3896
    55  0000                     _BAUDCON2	set	3952
    56  0000                     _RCSTA2	set	3953
    57  0000                     _TXSTA2	set	3954
    58  0000                     _SPBRG2	set	3957
    59  0000                     _TX2STAbits	set	3954
    60  0000                     _IOCB	set	3938
    61  0000                     _IOCBbits	set	3938
    62  0000                     _PORTAbits	set	3968
    63  0000                     _PORTBbits	set	3969
    64  0000                     _LATCbits	set	3979
    65  0000                     _TRISCbits	set	3988
    66  0000                     _PORTCbits	set	3970
    67  0000                     _TRISBbits	set	3987
    68  0000                     _LATAbits	set	3977
    69  0000                     _TRISAbits	set	3986
    70  0000                     _OSCCONbits	set	4051
    71  0000                     _LATBbits	set	3978
    72  0000                     _RC2REG	set	3956
    73  0000                     _INTCONbits	set	4082
    74  0000                     _RCIE	set	31981
    75  0000                     _RC2IE	set	32029
    76  0000                     _GIE	set	32663
    77  0000                     _PEIE	set	32662
    78  0000                     _RBIE	set	32659
    79  0000                     _IPEN	set	32391
    80  0000                     _RC2IF	set	32037
    81                           
    82                           ; #config settings
    83  0000                     
    84                           	psect	cinit
    85  00016E                     __pcinit:
    86                           	opt stack 0
    87  00016E                     start_initialization:
    88                           	opt stack 0
    89  00016E                     __initialization:
    90                           	opt stack 0
    91                           
    92                           ; Clear objects allocated to COMRAM (15 bytes)
    93  00016E  EE00  F015         	lfsr	0,__pbssCOMRAM
    94  000172  0E0F               	movlw	15
    95  000174                     clear_0:
    96  000174  6AEE               	clrf	postinc0,c
    97  000176  06E8               	decf	wreg,f,c
    98  000178  E1FD               	bnz	clear_0
    99  00017A                     end_of_initialization:
   100                           	opt stack 0
   101  00017A                     __end_of__initialization:
   102                           	opt stack 0
   103  00017A  9024               	bcf	int$flags,0,c	;clear compiler interrupt flag (level 1)
   104  00017C  9224               	bcf	int$flags,1,c	;clear compiler interrupt flag (level 2)
   105  00017E  0100               	movlb	0
   106  000180  EF90  F000         	goto	_main	;jump to C main() function
   107                           postinc0	equ	0xFEE
   108                           wreg	equ	0xFE8
   109                           
   110                           	psect	bssCOMRAM
   111  000015                     __pbssCOMRAM:
   112                           	opt stack 0
   113  000015                     _rxBuf:
   114                           	opt stack 0
   115  000015                     	ds	10
   116  00001F                     _processData:
   117                           	opt stack 0
   118  00001F                     	ds	1
   119  000020                     _stayAwake:
   120                           	opt stack 0
   121  000020                     	ds	1
   122  000021                     _temp:
   123                           	opt stack 0
   124  000021                     	ds	1
   125  000022                     _pos:
   126                           	opt stack 0
   127  000022                     	ds	1
   128  000023                     _rxDataPending:
   129                           	opt stack 0
   130  000023                     	ds	1
   131                           postinc0	equ	0xFEE
   132                           wreg	equ	0xFE8
   133                           
   134                           	psect	cstackCOMRAM
   135  000001                     __pcstackCOMRAM:
   136                           	opt stack 0
   137  000001                     ??_isr:
   138  000001                     
   139                           ; 1 bytes @ 0x0
   140  000001                     	ds	18
   141  000013                     ??_main:
   142                           
   143                           ; 1 bytes @ 0x12
   144  000013                     	ds	2
   145                           postinc0	equ	0xFEE
   146                           wreg	equ	0xFE8
   147                           
   148 ;;
   149 ;;Main: autosize = 0, tempsize = 2, incstack = 0, save=0
   150 ;;
   151 ;; *************** function _main *****************
   152 ;; Defined at:
   153 ;;		line 39 in file "main.c"
   154 ;; Parameters:    Size  Location     Type
   155 ;;		None
   156 ;; Auto vars:     Size  Location     Type
   157 ;;		None
   158 ;; Return value:  Size  Location     Type
   159 ;;                  1    wreg      void 
   160 ;; Registers used:
   161 ;;		wreg, status,2, cstack
   162 ;; Tracked objects:
   163 ;;		On entry : 0/0
   164 ;;		On exit  : 0/0
   165 ;;		Unchanged: 0/0
   166 ;; Data sizes:     COMRAM   BANK0   BANK1   BANK2   BANK3   BANK4   BANK5   BANK6   BANK7   BANK8   BANK9  BANK10  BANK1
      +1  BANK12  BANK13  BANK14  BANK15
   167 ;;      Params:         0       0       0       0       0       0       0       0       0       0       0       0       
      +0       0       0       0       0
   168 ;;      Locals:         0       0       0       0       0       0       0       0       0       0       0       0       
      +0       0       0       0       0
   169 ;;      Temps:          2       0       0       0       0       0       0       0       0       0       0       0       
      +0       0       0       0       0
   170 ;;      Totals:         2       0       0       0       0       0       0       0       0       0       0       0       
      +0       0       0       0       0
   171 ;;Total ram usage:        2 bytes
   172 ;; Hardware stack levels required when called:    2
   173 ;; This function calls:
   174 ;;		_enable_RX_uart_interrupt
   175 ;;		_init_int
   176 ;;		_init_pic
   177 ;;		_start_uart
   178 ;; This function is called by:
   179 ;;		Startup code after reset
   180 ;; This function uses a non-reentrant model
   181 ;;
   182                           
   183                           	psect	text0
   184  000120                     __ptext0:
   185                           	opt stack 0
   186  000120                     _main:
   187                           	opt stack 29
   188                           
   189                           ;main.c: 41: init_pic();
   190                           
   191                           ;incstack = 0
   192  000120  EC6C  F000         	call	_init_pic	;wreg free
   193                           
   194                           ;main.c: 42: init_int();
   195  000124  ECC2  F000         	call	_init_int	;wreg free
   196                           
   197                           ;main.c: 43: start_uart();
   198  000128  ECAA  F000         	call	_start_uart	;wreg free
   199                           
   200                           ;main.c: 44: enable_RX_uart_interrupt();
   201  00012C  ECCD  F000         	call	_enable_RX_uart_interrupt	;wreg free
   202  000130                     l79:
   203                           
   204                           ;main.c: 46: {
   205                           ;main.c: 51: if (processData)
   206  000130  501F               	movf	_processData,w,c
   207  000132  B4D8               	btfsc	status,2,c
   208  000134  D7FD               	goto	l79
   209                           
   210                           ;main.c: 52: {
   211                           ;main.c: 53: LATBbits.LB3=0;
   212  000136  968A               	bcf	3978,3,c	;volatile
   213                           
   214                           ;main.c: 54: _delay((unsigned long)((200)*(8000000/4000.0)));
   215  000138  0E03               	movlw	3
   216  00013A  6E14               	movwf	(??_main+1)& (0+255),c
   217  00013C  0E08               	movlw	8
   218  00013E  6E13               	movwf	??_main& (0+255),c
   219  000140  0E77               	movlw	119
   220  000142                     u57:
   221  000142  2EE8               	decfsz	wreg,f,c
   222  000144  D7FE               	bra	u57
   223  000146  2E13               	decfsz	??_main& (0+255),f,c
   224  000148  D7FC               	bra	u57
   225  00014A  2E14               	decfsz	(??_main+1)& (0+255),f,c
   226  00014C  D7FA               	bra	u57
   227  00014E  F000               	nop	
   228                           
   229                           ;main.c: 55: LATBbits.LB3=1;
   230  000150  868A               	bsf	3978,3,c	;volatile
   231  000152  D7EE               	goto	l79
   232  000154                     __end_of_main:
   233                           	opt stack 0
   234                           postinc0	equ	0xFEE
   235                           wreg	equ	0xFE8
   236                           status	equ	0xFD8
   237                           
   238 ;; *************** function _start_uart *****************
   239 ;; Defined at:
   240 ;;		line 20 in file "uart.c"
   241 ;; Parameters:    Size  Location     Type
   242 ;;		None
   243 ;; Auto vars:     Size  Location     Type
   244 ;;		None
   245 ;; Return value:  Size  Location     Type
   246 ;;                  1    wreg      void 
   247 ;; Registers used:
   248 ;;		wreg, status,2
   249 ;; Tracked objects:
   250 ;;		On entry : 0/0
   251 ;;		On exit  : 0/0
   252 ;;		Unchanged: 0/0
   253 ;; Data sizes:     COMRAM   BANK0   BANK1   BANK2   BANK3   BANK4   BANK5   BANK6   BANK7   BANK8   BANK9  BANK10  BANK1
      +1  BANK12  BANK13  BANK14  BANK15
   254 ;;      Params:         0       0       0       0       0       0       0       0       0       0       0       0       
      +0       0       0       0       0
   255 ;;      Locals:         0       0       0       0       0       0       0       0       0       0       0       0       
      +0       0       0       0       0
   256 ;;      Temps:          0       0       0       0       0       0       0       0       0       0       0       0       
      +0       0       0       0       0
   257 ;;      Totals:         0       0       0       0       0       0       0       0       0       0       0       0       
      +0       0       0       0       0
   258 ;;Total ram usage:        0 bytes
   259 ;; Hardware stack levels used:    1
   260 ;; Hardware stack levels required when called:    1
   261 ;; This function calls:
   262 ;;		Nothing
   263 ;; This function is called by:
   264 ;;		_main
   265 ;; This function uses a non-reentrant model
   266 ;;
   267                           
   268                           	psect	text1
   269  000154                     __ptext1:
   270                           	opt stack 0
   271  000154                     _start_uart:
   272                           	opt stack 29
   273                           
   274                           ;uart.c: 22: TRISBbits.TRISB7 = 1;
   275                           
   276                           ;incstack = 0
   277  000154  8E93               	bsf	3987,7,c	;volatile
   278                           
   279                           ;uart.c: 23: TRISBbits.TRISB6 = 0;
   280  000156  9C93               	bcf	3987,6,c	;volatile
   281                           
   282                           ;uart.c: 26: TX2STAbits.BRGH = 0;
   283  000158  9472               	bcf	3954,2,c	;volatile
   284                           
   285                           ;uart.c: 27: SPBRG2 = 207;
   286  00015A  0ECF               	movlw	207
   287  00015C  6E75               	movwf	3957,c	;volatile
   288                           
   289                           ;uart.c: 29: TX2STAbits.SYNC = 0;
   290  00015E  9872               	bcf	3954,4,c	;volatile
   291                           
   292                           ;uart.c: 36: TXSTA2 = 0x26;
   293  000160  0E26               	movlw	38
   294  000162  6E72               	movwf	3954,c	;volatile
   295                           
   296                           ;uart.c: 37: RCSTA2 = 0x90;
   297  000164  0E90               	movlw	144
   298  000166  6E71               	movwf	3953,c	;volatile
   299                           
   300                           ;uart.c: 38: BAUDCON2 = 0xc8;
   301  000168  0EC8               	movlw	200
   302  00016A  6E70               	movwf	3952,c	;volatile
   303  00016C  0012               	return		;funcret
   304  00016E                     __end_of_start_uart:
   305                           	opt stack 0
   306                           postinc0	equ	0xFEE
   307                           wreg	equ	0xFE8
   308                           status	equ	0xFD8
   309                           
   310 ;; *************** function _init_pic *****************
   311 ;; Defined at:
   312 ;;		line 64 in file "main.c"
   313 ;; Parameters:    Size  Location     Type
   314 ;;		None
   315 ;; Auto vars:     Size  Location     Type
   316 ;;		None
   317 ;; Return value:  Size  Location     Type
   318 ;;                  1    wreg      void 
   319 ;; Registers used:
   320 ;;		wreg, status,2
   321 ;; Tracked objects:
   322 ;;		On entry : 0/0
   323 ;;		On exit  : 0/0
   324 ;;		Unchanged: 0/0
   325 ;; Data sizes:     COMRAM   BANK0   BANK1   BANK2   BANK3   BANK4   BANK5   BANK6   BANK7   BANK8   BANK9  BANK10  BANK1
      +1  BANK12  BANK13  BANK14  BANK15
   326 ;;      Params:         0       0       0       0       0       0       0       0       0       0       0       0       
      +0       0       0       0       0
   327 ;;      Locals:         0       0       0       0       0       0       0       0       0       0       0       0       
      +0       0       0       0       0
   328 ;;      Temps:          0       0       0       0       0       0       0       0       0       0       0       0       
      +0       0       0       0       0
   329 ;;      Totals:         0       0       0       0       0       0       0       0       0       0       0       0       
      +0       0       0       0       0
   330 ;;Total ram usage:        0 bytes
   331 ;; Hardware stack levels used:    1
   332 ;; Hardware stack levels required when called:    1
   333 ;; This function calls:
   334 ;;		Nothing
   335 ;; This function is called by:
   336 ;;		_main
   337 ;; This function uses a non-reentrant model
   338 ;;
   339                           
   340                           	psect	text2
   341  0000D8                     __ptext2:
   342                           	opt stack 0
   343  0000D8                     _init_pic:
   344                           	opt stack 29
   345                           
   346                           ;main.c: 67: OSCCONbits.IDLEN = 0;
   347                           
   348                           ;incstack = 0
   349  0000D8  9ED3               	bcf	4051,7,c	;volatile
   350                           
   351                           ;main.c: 68: OSCCONbits.IRCF = 0b110;
   352  0000DA  50D3               	movf	4051,w,c	;volatile
   353  0000DC  0B8F               	andlw	-113
   354  0000DE  0960               	iorlw	96
   355  0000E0  6ED3               	movwf	4051,c	;volatile
   356                           
   357                           ;main.c: 69: OSCCONbits.OSTS = 1;
   358  0000E2  86D3               	bsf	4051,3,c	;volatile
   359                           
   360                           ;main.c: 72: ANSELA = 0x01;
   361  0000E4  0E01               	movlw	1
   362  0000E6  010F               	movlb	15	; () banked
   363  0000E8  6F38               	movwf	56,b	;volatile
   364                           
   365                           ; BSR set to: 15
   366                           ;main.c: 73: TRISAbits.TRISA0 = 1;
   367  0000EA  8092               	bsf	3986,0,c	;volatile
   368                           
   369                           ; BSR set to: 15
   370                           ;main.c: 74: TRISAbits.TRISA3 = 0;
   371  0000EC  9692               	bcf	3986,3,c	;volatile
   372                           
   373                           ; BSR set to: 15
   374                           ;main.c: 75: LATAbits.LA3 = 0;
   375  0000EE  9689               	bcf	3977,3,c	;volatile
   376                           
   377                           ;main.c: 78: ANSELC = 0x00;
   378  0000F0  0E00               	movlw	0
   379  0000F2  6F3A               	movwf	58,b	;volatile
   380                           
   381                           ; BSR set to: 15
   382                           ;main.c: 79: LATBbits.LB3 = 1;
   383  0000F4  868A               	bsf	3978,3,c	;volatile
   384                           
   385                           ; BSR set to: 15
   386                           ;main.c: 80: TRISBbits.TRISB3 = 0;
   387  0000F6  9693               	bcf	3987,3,c	;volatile
   388                           
   389                           ; BSR set to: 15
   390                           ;main.c: 81: PORTCbits.RC6 = 1;
   391  0000F8  8C82               	bsf	3970,6,c	;volatile
   392                           
   393                           ; BSR set to: 15
   394                           ;main.c: 82: TRISCbits.TRISC6 = 0;
   395  0000FA  9C94               	bcf	3988,6,c	;volatile
   396                           
   397                           ; BSR set to: 15
   398                           ;main.c: 83: LATCbits.LATC7 = 1;
   399  0000FC  8E8B               	bsf	3979,7,c	;volatile
   400                           
   401                           ; BSR set to: 15
   402                           ;main.c: 84: TRISCbits.TRISC7 = 1;
   403  0000FE  8E94               	bsf	3988,7,c	;volatile
   404                           
   405                           ;main.c: 87: ANSELB = 0x00;
   406  000100  0E00               	movlw	0
   407  000102  6F39               	movwf	57,b	;volatile
   408                           
   409                           ; BSR set to: 15
   410                           ;main.c: 88: TRISBbits.TRISB0 = 1;
   411  000104  8093               	bsf	3987,0,c	;volatile
   412                           
   413                           ; BSR set to: 15
   414                           ;main.c: 89: TRISCbits.TRISC1 = 1;
   415  000106  8294               	bsf	3988,1,c	;volatile
   416                           
   417                           ; BSR set to: 15
   418                           ;main.c: 91: TRISBbits.TRISB1 = 1;
   419  000108  8293               	bsf	3987,1,c	;volatile
   420                           
   421                           ; BSR set to: 15
   422                           ;main.c: 93: TRISBbits.TRISB2 = 1;
   423  00010A  8493               	bsf	3987,2,c	;volatile
   424                           
   425                           ; BSR set to: 15
   426                           ;main.c: 94: LATCbits.LC4 = 1;
   427  00010C  888B               	bsf	3979,4,c	;volatile
   428                           
   429                           ; BSR set to: 15
   430                           ;main.c: 95: TRISCbits.TRISC4 = 0;
   431  00010E  9894               	bcf	3988,4,c	;volatile
   432                           
   433                           ; BSR set to: 15
   434                           ;main.c: 97: TRISBbits.TRISB4 = 1;
   435  000110  8893               	bsf	3987,4,c	;volatile
   436                           
   437                           ; BSR set to: 15
   438                           ;main.c: 99: TRISBbits.TRISB5 = 1;
   439  000112  8A93               	bsf	3987,5,c	;volatile
   440                           
   441                           ; BSR set to: 15
   442                           ;main.c: 100: PORTBbits.RB6 = 1;
   443  000114  8C81               	bsf	3969,6,c	;volatile
   444                           
   445                           ; BSR set to: 15
   446                           ;main.c: 101: TRISBbits.TRISB6 = 0;
   447  000116  9C93               	bcf	3987,6,c	;volatile
   448                           
   449                           ; BSR set to: 15
   450                           ;main.c: 103: TRISBbits.TRISB7 = 1;
   451  000118  8E93               	bsf	3987,7,c	;volatile
   452                           
   453                           ; BSR set to: 15
   454                           ;main.c: 105: PORTAbits.RA1 = 0;
   455  00011A  9280               	bcf	3968,1,c	;volatile
   456                           
   457                           ; BSR set to: 15
   458                           ;main.c: 106: TRISAbits.TRISA1 = 0;
   459  00011C  9292               	bcf	3986,1,c	;volatile
   460                           
   461                           ; BSR set to: 15
   462  00011E  0012               	return		;funcret
   463  000120                     __end_of_init_pic:
   464                           	opt stack 0
   465                           postinc0	equ	0xFEE
   466                           wreg	equ	0xFE8
   467                           status	equ	0xFD8
   468                           
   469 ;; *************** function _init_int *****************
   470 ;; Defined at:
   471 ;;		line 111 in file "main.c"
   472 ;; Parameters:    Size  Location     Type
   473 ;;		None
   474 ;; Auto vars:     Size  Location     Type
   475 ;;		None
   476 ;; Return value:  Size  Location     Type
   477 ;;                  1    wreg      void 
   478 ;; Registers used:
   479 ;;		wreg, status,2
   480 ;; Tracked objects:
   481 ;;		On entry : 0/0
   482 ;;		On exit  : 0/0
   483 ;;		Unchanged: 0/0
   484 ;; Data sizes:     COMRAM   BANK0   BANK1   BANK2   BANK3   BANK4   BANK5   BANK6   BANK7   BANK8   BANK9  BANK10  BANK1
      +1  BANK12  BANK13  BANK14  BANK15
   485 ;;      Params:         0       0       0       0       0       0       0       0       0       0       0       0       
      +0       0       0       0       0
   486 ;;      Locals:         0       0       0       0       0       0       0       0       0       0       0       0       
      +0       0       0       0       0
   487 ;;      Temps:          0       0       0       0       0       0       0       0       0       0       0       0       
      +0       0       0       0       0
   488 ;;      Totals:         0       0       0       0       0       0       0       0       0       0       0       0       
      +0       0       0       0       0
   489 ;;Total ram usage:        0 bytes
   490 ;; Hardware stack levels used:    1
   491 ;; Hardware stack levels required when called:    1
   492 ;; This function calls:
   493 ;;		Nothing
   494 ;; This function is called by:
   495 ;;		_main
   496 ;; This function uses a non-reentrant model
   497 ;;
   498                           
   499                           	psect	text3
   500  000184                     __ptext3:
   501                           	opt stack 0
   502  000184                     _init_int:
   503                           	opt stack 29
   504                           
   505                           ;main.c: 114: IOCBbits.IOCB4 = 1;
   506                           
   507                           ; BSR set to: 15
   508                           ;incstack = 0
   509  000184  8862               	bsf	3938,4,c	;volatile
   510                           
   511                           ;main.c: 115: INTCONbits.RBIE = 1;
   512  000186  86F2               	bsf	intcon,3,c	;volatile
   513                           
   514                           ;main.c: 116: INTCONbits.RBIF = 0;
   515  000188  90F2               	bcf	intcon,0,c	;volatile
   516                           
   517                           ;main.c: 117: INTCONbits.PEIE = 1;
   518  00018A  8CF2               	bsf	intcon,6,c	;volatile
   519                           
   520                           ;main.c: 118: IPEN = 0;
   521  00018C  9ED0               	bcf	4048,7,c	;volatile
   522                           
   523                           ;main.c: 122: IOCB = 0x10;
   524  00018E  0E10               	movlw	16
   525  000190  6E62               	movwf	3938,c	;volatile
   526                           
   527                           ;main.c: 124: RBIE = 1;
   528  000192  86F2               	bsf	intcon,3,c	;volatile
   529                           
   530                           ;main.c: 125: PEIE = 1;
   531  000194  8CF2               	bsf	intcon,6,c	;volatile
   532                           
   533                           ;main.c: 126: GIE = 1;
   534  000196  8EF2               	bsf	intcon,7,c	;volatile
   535  000198  0012               	return		;funcret
   536  00019A                     __end_of_init_int:
   537                           	opt stack 0
   538                           intcon	equ	0xFF2
   539                           postinc0	equ	0xFEE
   540                           wreg	equ	0xFE8
   541                           status	equ	0xFD8
   542                           
   543 ;; *************** function _enable_RX_uart_interrupt *****************
   544 ;; Defined at:
   545 ;;		line 42 in file "uart.c"
   546 ;; Parameters:    Size  Location     Type
   547 ;;		None
   548 ;; Auto vars:     Size  Location     Type
   549 ;;		None
   550 ;; Return value:  Size  Location     Type
   551 ;;                  1    wreg      void 
   552 ;; Registers used:
   553 ;;		None
   554 ;; Tracked objects:
   555 ;;		On entry : 0/0
   556 ;;		On exit  : 0/0
   557 ;;		Unchanged: 0/0
   558 ;; Data sizes:     COMRAM   BANK0   BANK1   BANK2   BANK3   BANK4   BANK5   BANK6   BANK7   BANK8   BANK9  BANK10  BANK1
      +1  BANK12  BANK13  BANK14  BANK15
   559 ;;      Params:         0       0       0       0       0       0       0       0       0       0       0       0       
      +0       0       0       0       0
   560 ;;      Locals:         0       0       0       0       0       0       0       0       0       0       0       0       
      +0       0       0       0       0
   561 ;;      Temps:          0       0       0       0       0       0       0       0       0       0       0       0       
      +0       0       0       0       0
   562 ;;      Totals:         0       0       0       0       0       0       0       0       0       0       0       0       
      +0       0       0       0       0
   563 ;;Total ram usage:        0 bytes
   564 ;; Hardware stack levels used:    1
   565 ;; Hardware stack levels required when called:    1
   566 ;; This function calls:
   567 ;;		Nothing
   568 ;; This function is called by:
   569 ;;		_main
   570 ;; This function uses a non-reentrant model
   571 ;;
   572                           
   573                           	psect	text4
   574  00019A                     __ptext4:
   575                           	opt stack 0
   576  00019A                     _enable_RX_uart_interrupt:
   577                           	opt stack 29
   578                           
   579                           ;uart.c: 47: GIE = 0;
   580                           
   581                           ;incstack = 0
   582  00019A  9EF2               	bcf	intcon,7,c	;volatile
   583                           
   584                           ;uart.c: 48: RC2IE = 1;
   585  00019C  8AA3               	bsf	4003,5,c	;volatile
   586                           
   587                           ;uart.c: 49: RC2IF = 0;
   588  00019E  9AA4               	bcf	4004,5,c	;volatile
   589                           
   590                           ;uart.c: 50: GIE = 1;
   591  0001A0  8EF2               	bsf	intcon,7,c	;volatile
   592  0001A2  0012               	return		;funcret
   593  0001A4                     __end_of_enable_RX_uart_interrupt:
   594                           	opt stack 0
   595                           intcon	equ	0xFF2
   596                           postinc0	equ	0xFEE
   597                           wreg	equ	0xFE8
   598                           status	equ	0xFD8
   599                           
   600 ;; *************** function _isr *****************
   601 ;; Defined at:
   602 ;;		line 17 in file "main.c"
   603 ;; Parameters:    Size  Location     Type
   604 ;;		None
   605 ;; Auto vars:     Size  Location     Type
   606 ;;		None
   607 ;; Return value:  Size  Location     Type
   608 ;;                  1    wreg      void 
   609 ;; Registers used:
   610 ;;		wreg, fsr2l, fsr2h, status,2, status,0, prodl, prodh
   611 ;; Tracked objects:
   612 ;;		On entry : 0/0
   613 ;;		On exit  : 0/0
   614 ;;		Unchanged: 0/0
   615 ;; Data sizes:     COMRAM   BANK0   BANK1   BANK2   BANK3   BANK4   BANK5   BANK6   BANK7   BANK8   BANK9  BANK10  BANK1
      +1  BANK12  BANK13  BANK14  BANK15
   616 ;;      Params:         0       0       0       0       0       0       0       0       0       0       0       0       
      +0       0       0       0       0
   617 ;;      Locals:         0       0       0       0       0       0       0       0       0       0       0       0       
      +0       0       0       0       0
   618 ;;      Temps:         18       0       0       0       0       0       0       0       0       0       0       0       
      +0       0       0       0       0
   619 ;;      Totals:        18       0       0       0       0       0       0       0       0       0       0       0       
      +0       0       0       0       0
   620 ;;Total ram usage:       18 bytes
   621 ;; Hardware stack levels used:    1
   622 ;; This function calls:
   623 ;;		Nothing
   624 ;; This function is called by:
   625 ;;		Interrupt level 2
   626 ;; This function uses a non-reentrant model
   627 ;;
   628                           
   629                           	psect	intcode
   630  000008                     __pintcode:
   631                           	opt stack 0
   632  000008                     _isr:
   633                           	opt stack 29
   634                           
   635                           ;incstack = 0
   636  000008  8224               	bsf	btemp,1,c	;set compiler interrupt flag (level 2)
   637  00000A  CFFA F001          	movff	pclath,??_isr
   638  00000E  CFFB F002          	movff	pclatu,??_isr+1
   639  000012  CFE9 F003          	movff	fsr0l,??_isr+2
   640  000016  CFEA F004          	movff	fsr0h,??_isr+3
   641  00001A  CFE1 F005          	movff	fsr1l,??_isr+4
   642  00001E  CFE2 F006          	movff	fsr1h,??_isr+5
   643  000022  CFD9 F007          	movff	fsr2l,??_isr+6
   644  000026  CFDA F008          	movff	fsr2h,??_isr+7
   645  00002A  CFF3 F009          	movff	prodl,??_isr+8
   646  00002E  CFF4 F00A          	movff	prodh,??_isr+9
   647  000032  CFF6 F00B          	movff	tblptrl,??_isr+10
   648  000036  CFF7 F00C          	movff	tblptrh,??_isr+11
   649  00003A  CFF8 F00D          	movff	tblptru,??_isr+12
   650  00003E  CFF5 F00E          	movff	tablat,??_isr+13
   651  000042  C024  F00F         	movff	btemp,??_isr+14
   652  000046  C025  F010         	movff	btemp+1,??_isr+15
   653  00004A  C026  F011         	movff	btemp+2,??_isr+16
   654  00004E  C027  F012         	movff	btemp+3,??_isr+17
   655                           
   656                           ;main.c: 19: if (INTCONbits.RBIF)
   657  000052  A0F2               	btfss	intcon,0,c	;volatile
   658  000054  D003               	goto	i2l71
   659                           
   660                           ;main.c: 20: {
   661                           ;main.c: 21: INTCONbits.RBIF = 0;
   662  000056  90F2               	bcf	intcon,0,c	;volatile
   663                           
   664                           ;main.c: 22: stayAwake = 1;
   665  000058  0E01               	movlw	1
   666  00005A  6E20               	movwf	_stayAwake,c
   667  00005C                     i2l71:
   668                           
   669                           ;main.c: 25: }
   670                           ;main.c: 26: if (RC2IF)
   671  00005C  AAA4               	btfss	4004,5,c	;volatile
   672  00005E  D014               	goto	i2l73
   673                           
   674                           ;main.c: 27: {
   675                           ;main.c: 28: RC2IF = 0;
   676  000060  9AA4               	bcf	4004,5,c	;volatile
   677                           
   678                           ;main.c: 29: rxBuf[pos++] = RC2REG;
   679  000062  5022               	movf	_pos,w,c
   680  000064  0D01               	mullw	1
   681  000066  0E15               	movlw	low _rxBuf
   682  000068  24F3               	addwf	prodl,w,c
   683  00006A  6ED9               	movwf	fsr2l,c
   684  00006C  0E00               	movlw	high _rxBuf
   685  00006E  20F4               	addwfc	prodh,w,c
   686  000070  6EDA               	movwf	fsr2h,c
   687  000072  CF74 FFDF          	movff	3956,indf2	;volatile
   688  000076  2A22               	incf	_pos,f,c
   689                           
   690                           ;main.c: 30: if (pos == 6)
   691  000078  0E06               	movlw	6
   692  00007A  1822               	xorwf	_pos,w,c
   693  00007C  A4D8               	btfss	status,2,c
   694  00007E  D004               	goto	i2l73
   695                           
   696                           ;main.c: 31: {
   697                           ;main.c: 32: processData = 1;
   698  000080  0E01               	movlw	1
   699  000082  6E1F               	movwf	_processData,c
   700                           
   701                           ;main.c: 33: pos = 0;
   702  000084  0E00               	movlw	0
   703  000086  6E22               	movwf	_pos,c
   704  000088                     i2l73:
   705  000088  C012  F027         	movff	??_isr+17,btemp+3
   706  00008C  C011  F026         	movff	??_isr+16,btemp+2
   707  000090  C010  F025         	movff	??_isr+15,btemp+1
   708  000094  C00F  F024         	movff	??_isr+14,btemp
   709  000098  C00E  FFF5         	movff	??_isr+13,tablat
   710  00009C  C00D  FFF8         	movff	??_isr+12,tblptru
   711  0000A0  C00C  FFF7         	movff	??_isr+11,tblptrh
   712  0000A4  C00B  FFF6         	movff	??_isr+10,tblptrl
   713  0000A8  C00A  FFF4         	movff	??_isr+9,prodh
   714  0000AC  C009  FFF3         	movff	??_isr+8,prodl
   715  0000B0  C008  FFDA         	movff	??_isr+7,fsr2h
   716  0000B4  C007  FFD9         	movff	??_isr+6,fsr2l
   717  0000B8  C006  FFE2         	movff	??_isr+5,fsr1h
   718  0000BC  C005  FFE1         	movff	??_isr+4,fsr1l
   719  0000C0  C004  FFEA         	movff	??_isr+3,fsr0h
   720  0000C4  C003  FFE9         	movff	??_isr+2,fsr0l
   721  0000C8  C002  FFFB         	movff	??_isr+1,pclatu
   722  0000CC  C001  FFFA         	movff	??_isr,pclath
   723  0000D0  9224               	bcf	btemp,1,c	;clear compiler interrupt flag (level 2)
   724  0000D2  0011               	retfie		f
   725  0000D4                     __end_of_isr:
   726                           	opt stack 0
   727  0000                     pclatu	equ	0xFFB
   728                           pclath	equ	0xFFA
   729                           tblptru	equ	0xFF8
   730                           tblptrh	equ	0xFF7
   731                           tblptrl	equ	0xFF6
   732                           tablat	equ	0xFF5
   733                           prodh	equ	0xFF4
   734                           prodl	equ	0xFF3
   735                           intcon	equ	0xFF2
   736                           postinc0	equ	0xFEE
   737                           fsr0h	equ	0xFEA
   738                           fsr0l	equ	0xFE9
   739                           wreg	equ	0xFE8
   740                           fsr1h	equ	0xFE2
   741                           fsr1l	equ	0xFE1
   742                           indf2	equ	0xFDF
   743                           fsr2h	equ	0xFDA
   744                           fsr2l	equ	0xFD9
   745                           status	equ	0xFD8
   746                           pclatu	equ	0xFFB
   747                           pclath	equ	0xFFA
   748                           tblptru	equ	0xFF8
   749                           tblptrh	equ	0xFF7
   750                           tblptrl	equ	0xFF6
   751                           tablat	equ	0xFF5
   752                           prodh	equ	0xFF4
   753                           prodl	equ	0xFF3
   754                           intcon	equ	0xFF2
   755                           postinc0	equ	0xFEE
   756                           fsr0h	equ	0xFEA
   757                           fsr0l	equ	0xFE9
   758                           wreg	equ	0xFE8
   759                           fsr1h	equ	0xFE2
   760                           fsr1l	equ	0xFE1
   761                           indf2	equ	0xFDF
   762                           fsr2h	equ	0xFDA
   763                           fsr2l	equ	0xFD9
   764                           status	equ	0xFD8
   765                           
   766                           	psect	rparam
   767  0000                     pclatu	equ	0xFFB
   768                           pclath	equ	0xFFA
   769                           tblptru	equ	0xFF8
   770                           tblptrh	equ	0xFF7
   771                           tblptrl	equ	0xFF6
   772                           tablat	equ	0xFF5
   773                           prodh	equ	0xFF4
   774                           prodl	equ	0xFF3
   775                           intcon	equ	0xFF2
   776                           postinc0	equ	0xFEE
   777                           fsr0h	equ	0xFEA
   778                           fsr0l	equ	0xFE9
   779                           wreg	equ	0xFE8
   780                           fsr1h	equ	0xFE2
   781                           fsr1l	equ	0xFE1
   782                           indf2	equ	0xFDF
   783                           fsr2h	equ	0xFDA
   784                           fsr2l	equ	0xFD9
   785                           status	equ	0xFD8
   786                           
   787                           	psect	temp
   788  000024                     btemp:
   789                           	opt stack 0
   790  000024                     	ds	1
   791  0000                     int$flags	set	btemp
   792  0000                     wtemp6	set	btemp+1
   793                           pclatu	equ	0xFFB
   794                           pclath	equ	0xFFA
   795                           tblptru	equ	0xFF8
   796                           tblptrh	equ	0xFF7
   797                           tblptrl	equ	0xFF6
   798                           tablat	equ	0xFF5
   799                           prodh	equ	0xFF4
   800                           prodl	equ	0xFF3
   801                           intcon	equ	0xFF2
   802                           postinc0	equ	0xFEE
   803                           fsr0h	equ	0xFEA
   804                           fsr0l	equ	0xFE9
   805                           wreg	equ	0xFE8
   806                           fsr1h	equ	0xFE2
   807                           fsr1l	equ	0xFE1
   808                           indf2	equ	0xFDF
   809                           fsr2h	equ	0xFDA
   810                           fsr2l	equ	0xFD9
   811                           status	equ	0xFD8


Data Sizes:
    Strings     0
    Constant    0
    Data        0
    BSS         15
    Persistent  0
    Stack       0

Auto Spaces:
    Space          Size  Autos    Used
    COMRAM           94     20      35
    BANK0           160      0       0
    BANK1           256      0       0
    BANK2           256      0       0
    BANK3           256      0       0
    BANK4           256      0       0
    BANK5           256      0       0
    BANK6           256      0       0
    BANK7           256      0       0
    BANK8           256      0       0
    BANK9           256      0       0
    BANK10          256      0       0
    BANK11          256      0       0
    BANK12          256      0       0
    BANK13          256      0       0
    BANK14          256      0       0
    BANK15           56      0       0

Pointer List with Targets:

    None.

Critical Paths under _main in COMRAM

    None.

Critical Paths under _isr in COMRAM

    None.

Critical Paths under _main in BANK0

    None.

Critical Paths under _isr in BANK0

    None.

Critical Paths under _main in BANK1

    None.

Critical Paths under _isr in BANK1

    None.

Critical Paths under _main in BANK2

    None.

Critical Paths under _isr in BANK2

    None.

Critical Paths under _main in BANK3

    None.

Critical Paths under _isr in BANK3

    None.

Critical Paths under _main in BANK4

    None.

Critical Paths under _isr in BANK4

    None.

Critical Paths under _main in BANK5

    None.

Critical Paths under _isr in BANK5

    None.

Critical Paths under _main in BANK6

    None.

Critical Paths under _isr in BANK6

    None.

Critical Paths under _main in BANK7

    None.

Critical Paths under _isr in BANK7

    None.

Critical Paths under _main in BANK8

    None.

Critical Paths under _isr in BANK8

    None.

Critical Paths under _main in BANK9

    None.

Critical Paths under _isr in BANK9

    None.

Critical Paths under _main in BANK10

    None.

Critical Paths under _isr in BANK10

    None.

Critical Paths under _main in BANK11

    None.

Critical Paths under _isr in BANK11

    None.

Critical Paths under _main in BANK12

    None.

Critical Paths under _isr in BANK12

    None.

Critical Paths under _main in BANK13

    None.

Critical Paths under _isr in BANK13

    None.

Critical Paths under _main in BANK14

    None.

Critical Paths under _isr in BANK14

    None.

Critical Paths under _main in BANK15

    None.

Critical Paths under _isr in BANK15

    None.

Call Graph Tables:

 ---------------------------------------------------------------------------------
 (Depth) Function   	        Calls       Base Space   Used Autos Params    Refs
 ---------------------------------------------------------------------------------
 (0) _main                                                 2     2      0       0
                                             18 COMRAM     2     2      0
           _enable_RX_uart_interrupt
                           _init_int
                           _init_pic
                         _start_uart
 ---------------------------------------------------------------------------------
 (1) _start_uart                                           0     0      0       0
 ---------------------------------------------------------------------------------
 (1) _init_pic                                             0     0      0       0
 ---------------------------------------------------------------------------------
 (1) _init_int                                             0     0      0       0
 ---------------------------------------------------------------------------------
 (1) _enable_RX_uart_interrupt                             0     0      0       0
 ---------------------------------------------------------------------------------
 Estimated maximum stack depth 1
 ---------------------------------------------------------------------------------
 (Depth) Function   	        Calls       Base Space   Used Autos Params    Refs
 ---------------------------------------------------------------------------------
 (2) _isr                                                 18    18      0       0
                                              0 COMRAM    18    18      0
 ---------------------------------------------------------------------------------
 Estimated maximum stack depth 2
 ---------------------------------------------------------------------------------

 Call Graph Graphs:

 _main (ROOT)
   _enable_RX_uart_interrupt
   _init_int
   _init_pic
   _start_uart

 _isr (ROOT)

 Address spaces:
Name               Size   Autos  Total    Cost      Usage
BIGRAM             F37      0       0      37        0.0%
EEDATA             400      0       0       0        0.0%
BITBANK14          100      0       0      33        0.0%
BANK14             100      0       0      34        0.0%
BITBANK13          100      0       0      31        0.0%
BANK13             100      0       0      32        0.0%
BITBANK12          100      0       0      29        0.0%
BANK12             100      0       0      30        0.0%
BITBANK11          100      0       0      27        0.0%
BANK11             100      0       0      28        0.0%
BITBANK10          100      0       0      25        0.0%
BANK10             100      0       0      26        0.0%
BITBANK9           100      0       0      23        0.0%
BANK9              100      0       0      24        0.0%
BITBANK8           100      0       0      21        0.0%
BANK8              100      0       0      22        0.0%
BITBANK7           100      0       0      19        0.0%
BANK7              100      0       0      20        0.0%
BITBANK6           100      0       0      17        0.0%
BANK6              100      0       0      18        0.0%
BITBANK5           100      0       0      15        0.0%
BANK5              100      0       0      16        0.0%
BITBANK4           100      0       0      13        0.0%
BANK4              100      0       0      14        0.0%
BITBANK3           100      0       0      10        0.0%
BANK3              100      0       0      11        0.0%
BITBANK2           100      0       0       8        0.0%
BANK2              100      0       0       9        0.0%
BITBANK1           100      0       0       6        0.0%
BANK1              100      0       0       7        0.0%
BITBANK0            A0      0       0       4        0.0%
BANK0               A0      0       0       5        0.0%
BITCOMRAM           5E      0       0       0        0.0%
COMRAM              5E     14      23       1       37.2%
BITBANK15           38      0       0      35        0.0%
BANK15              38      0       0      36        0.0%
BITSFR_1             0      0       0     200        0.0%
SFR_1                0      0       0     200        0.0%
BITSFR               0      0       0     200        0.0%
SFR                  0      0       0     200        0.0%
STACK                0      0       0       2        0.0%
NULL                 0      0       0       0        0.0%
ABS                  0      0      23      12        0.0%
DATA                 0      0      23       3        0.0%
CODE                 0      0       0       0        0.0%


Microchip Technology PIC18 Macro Assembler V1.45 build -152302408 
Symbol Table                                                                                   Tue May 29 11:47:01 2018

                      __CFG_CP0$ON 000000                        __CFG_CP1$ON 000000  
                      __CFG_CP2$ON 000000                        __CFG_CP3$ON 000000  
                               l79 0130                        __CFG_CPB$ON 000000  
                      __CFG_CPD$ON 000000                                 u57 0142  
                              _GIE 007F97                                _isr 0008  
                              _pos 0022                                prod 000FF3  
                              wreg 000FE8                       __CFG_LVP$OFF 000000  
                             ?_isr 0001                               _IOCB 000F62  
                             _IPEN 007E87                               _PEIE 007F96  
                             _RBIE 007F93                               _RCIE 007CED  
                             i2l71 005C                               i2l73 0088  
                             _main 0120                               _temp 0021  
                             fsr0h 000FEA                               fsr1h 000FE2  
                             fsr2h 000FDA                               fsr0l 000FE9  
                             indf2 000FDF                               fsr1l 000FE1  
                             fsr2l 000FD9                               btemp 0024  
                    __CFG_BORV$190 000000                               prodh 000FF4  
                             prodl 000FF3                               start 00D4  
                    __CFG_IESO$OFF 000000                       ___param_bank 000000  
                            ??_isr 0001                              ?_main 0001  
                            _RC2IE 007D1D                              _RC2IF 007D25  
                    __CFG_WRT0$OFF 000000                      __CFG_WRT1$OFF 000000  
                    __CFG_WRT2$OFF 000000                      __CFG_WRT3$OFF 000000  
                   __CFG_EBTR0$OFF 000000                     __CFG_FCMEN$OFF 000000  
                   __CFG_EBTR1$OFF 000000                     __CFG_EBTR2$OFF 000000  
                   __CFG_EBTR3$OFF 000000                      __CFG_WRTB$OFF 000000  
                    __CFG_WRTC$OFF 000000                      __CFG_WRTD$OFF 000000  
                   __CFG_EBTRB$OFF 000000                 __CFG_MCLRE$INTMCLR 000000  
                            _rxBuf 0015                              pclath 000FFA  
                            tablat 000FF5                              status 000FD8  
                            wtemp6 0025                     __CFG_HFOFST$ON 000000  
                  __initialization 016E                       __end_of_main 0154  
                           ??_main 0013                      __activetblptr 000000  
                           _ANSELA 000F38                             _ANSELB 000F39  
                           _ANSELC 000F3A                             _RC2REG 000F74  
                           _RCSTA2 000F71                             _SPBRG2 000F75  
                   __CFG_WDTPS$256 000000                             _TXSTA2 000F72  
                   __CFG_XINST$OFF 000000                     __CFG_STVREN$ON 000000  
                 __end_of_init_int 019A                   __end_of_init_pic 0120  
                           clear_0 0174                             tblptrh 000FF7  
                           tblptrl 000FF6                             tblptru 000FF8  
                       __accesstop 0060            __end_of__initialization 017A  
                  __CFG_PBADEN$OFF 000000                      ___rparam_used 000001  
                   __pcstackCOMRAM 0001           _enable_RX_uart_interrupt 019A  
                  __CFG_PLLCFG$OFF 000000                 __CFG_CCP2MX$PORTC1 000000  
               __CFG_CCP3MX$PORTB5 000000                    __CFG_WDTEN$SWON 000000  
                        ?_init_int 0001                          ?_init_pic 0001  
                  __CFG_PWRTEN$OFF 000000                            __Hparam 0000  
                          __Lparam 0000                            __pcinit 016E  
                          __ramtop 1000                            __ptext0 0120  
                          __ptext1 0154                            __ptext2 00D8  
                          __ptext3 0184                            __ptext4 019A  
                     __size_of_isr 00CC               end_of_initialization 017A  
                       ??_init_int 0013                         ??_init_pic 0013  
                          postinc0 000FEE                          _PORTAbits 000F80  
                        _PORTBbits 000F81                          _PORTCbits 000F82  
                 __CFG_FOSC$INTIO7 000000                          _TRISAbits 000F92  
                        _TRISBbits 000F93                          _TRISCbits 000F94  
                    _rxDataPending 0023                         _start_uart 0154  
       ??_enable_RX_uart_interrupt 0013                start_initialization 016E  
                      __end_of_isr 00D4                        __pbssCOMRAM 0015  
                      ?_start_uart 0001                  __size_of_init_int 0016  
                __size_of_init_pic 0048                          __pintcode 0008  
                 __CFG_PRICLKEN$ON 000000                           _BAUDCON2 000F70  
                         _IOCBbits 000F62                           _LATAbits 000F89  
                         _LATBbits 000F8A                           _LATCbits 000F8B  
 __end_of_enable_RX_uart_interrupt 01A4                          _stayAwake 0020  
              __size_of_start_uart 001A                           __Hrparam 0000  
                         __Lrparam 0000                 __CFG_BOREN$SBORDIS 000000  
                __CFG_P2BMX$PORTB5 000000                      __size_of_main 0034  
                         _init_int 0184                           _init_pic 00D8  
                         int$flags 0024                         _INTCONbits 000FF2  
__size_of_enable_RX_uart_interrupt 000A          ?_enable_RX_uart_interrupt 0001  
                         intlevel2 0000                       ??_start_uart 0013  
                       _OSCCONbits 000FD3                 __end_of_start_uart 016E  
                __CFG_T3CMX$PORTC0 000000                         _TX2STAbits 000F72  
                      _processData 001F  
