

Microchip Technology PIC18 LITE Macro Assembler V1.45 build -152302408 
                                                                                               Tue Oct 16 17:15:04 2018

Microchip Technology Omniscient Code Generator v1.45 (Free mode) build 201711160504
     1                           	processor	18F26K22
     2                           	fnconf	rparam,??,?,0
     3                           	opt	pw 120
     4                           	opt	lm
     5                           	psect	cinit,global,reloc=2,class=CODE,delta=1
     6                           	psect	bssCOMRAM,global,class=COMRAM,space=1,delta=1,noexec
     7                           	psect	cstackCOMRAM,global,class=COMRAM,space=1,delta=1,noexec
     8                           	psect	text0,global,reloc=2,class=CODE,delta=1
     9                           	psect	text1,global,reloc=2,class=CODE,delta=1
    10                           	psect	text2,global,reloc=2,class=CODE,delta=1
    11                           	psect	text3,global,reloc=2,class=CODE,delta=1
    12                           	psect	intcode,global,reloc=2,class=CODE,delta=1
    13                           	psect	text5,global,reloc=2,class=CODE,delta=1
    14                           	psect	text6,global,reloc=2,class=CODE,delta=1
    15                           	psect	intsave_regs,global,class=BIGRAM,space=1,delta=1,noexec
    16                           	psect	rparam,global,class=COMRAM,space=1,delta=1,noexec
    17                           	psect	temp,global,ovrld,common,class=COMRAM,space=1,delta=1
    18  0000                     
    19                           ; Version 1.45
    20                           ; Generated 16/11/2017 GMT
    21                           ; 
    22                           ; Copyright © 2017, Microchip Technology Inc. and its subsidiaries ("Microchip")
    23                           ; All rights reserved.
    24                           ; 
    25                           ; This software is developed by Microchip Technology Inc. and its subsidiaries ("Microch
      +                          ip").
    26                           ; 
    27                           ; Redistribution and use in source and binary forms, with or without modification, are
    28                           ; permitted provided that the following conditions are met:
    29                           ; 
    30                           ;     1. Redistributions of source code must retain the above copyright notice, this lis
      +                          t of
    31                           ;        conditions and the following disclaimer.
    32                           ; 
    33                           ;     2. Redistributions in binary form must reproduce the above copyright notice, this 
      +                          list
    34                           ;        of conditions and the following disclaimer in the documentation and/or other
    35                           ;        materials provided with the distribution.
    36                           ; 
    37                           ;     3. Microchip's name may not be used to endorse or promote products derived from th
      +                          is
    38                           ;        software without specific prior written permission.
    39                           ; 
    40                           ; THIS SOFTWARE IS PROVIDED BY MICROCHIP "AS IS" AND ANY EXPRESS OR IMPLIED WARRANTIES,
    41                           ; INCLUDING, BUT NOT LIMITED TO, THE IMPLIED WARRANTIES OF MERCHANTABILITY AND FITNESS F
      +                          OR
    42                           ; PURPOSE ARE DISCLAIMED.  IN NO EVENT SHALL MICROCHIP BE LIABLE FOR ANY DIRECT, INDIREC
      +                          T,
    43                           ; INCIDENTAL, SPECIAL, EXEMPLARY, OR CONSEQUENTIAL DAMAGES (INCLUDING BUT NOT LIMITED TO
    44                           ; PROCUREMENT OF SUBSTITUTE GOODS OR SERVICES; LOSS OF USE, DATA OR PROFITS; OR BUSINESS
    45                           ; INTERRUPTION) HOWSOEVER CAUSED AND ON ANY THEORY OF LIABILITY, WHETHER IN CONTRACT, ST
      +                          RICT
    46                           ; LIABILITY, OR TORT (INCLUDING NEGLIGENCE OR OTHERWISE) ARISING IN ANY WAY OUT OF THE U
      +                          SE OF
    47                           ; THIS SOFTWARE, EVEN IF ADVISED OF THE POSSIBILITY OF SUCH DAMAGE.
    48                           ; 
    49                           ; 
    50                           ; Code-generator required, PIC18F26K22 Definitions
    51                           ; 
    52                           ; SFR Addresses
    53  0000                     _ANSELB	set	3897
    54  0000                     _ANSELC	set	3898
    55  0000                     _ANSELA	set	3896
    56  0000                     _TMR0H	set	4055
    57  0000                     _TMR0L	set	4054
    58  0000                     _T0CON	set	4053
    59  0000                     _INTCONbits	set	4082
    60  0000                     _PORTBbits	set	3969
    61  0000                     _LATCbits	set	3979
    62  0000                     _TRISCbits	set	3988
    63  0000                     _PORTCbits	set	3970
    64  0000                     _TRISBbits	set	3987
    65  0000                     _LATBbits	set	3978
    66  0000                     _LATAbits	set	3977
    67  0000                     _TRISAbits	set	3986
    68  0000                     _OSCCONbits	set	4051
    69  0000                     _TMR0IE	set	32661
    70  0000                     _TMR0IF	set	32658
    71                           
    72                           ; #config settings
    73  0000                     
    74                           	psect	cinit
    75  000144                     __pcinit:
    76                           	opt stack 0
    77  000144                     start_initialization:
    78                           	opt stack 0
    79  000144                     __initialization:
    80                           	opt stack 0
    81                           
    82                           ; Clear objects allocated to COMRAM (4 bytes)
    83  000144  6A16               	clrf	(__pbssCOMRAM+3)& (0+255),c
    84  000146  6A15               	clrf	(__pbssCOMRAM+2)& (0+255),c
    85  000148  6A14               	clrf	(__pbssCOMRAM+1)& (0+255),c
    86  00014A  6A13               	clrf	__pbssCOMRAM& (0+255),c
    87  00014C                     end_of_initialization:
    88                           	opt stack 0
    89  00014C                     __end_of__initialization:
    90                           	opt stack 0
    91  00014C  9017               	bcf	int$flags,0,c	;clear compiler interrupt flag (level 1)
    92  00014E  9217               	bcf	int$flags,1,c	;clear compiler interrupt flag (level 2)
    93  000150  0E00               	movlw	low (__Lmediumconst shr (0+16))
    94  000152  6EF8               	movwf	tblptru,c
    95  000154  0100               	movlb	0
    96  000156  EFC3  F000         	goto	_main	;jump to C main() function
    97                           tblptru	equ	0xFF8
    98                           
    99                           	psect	bssCOMRAM
   100  000013                     __pbssCOMRAM:
   101                           	opt stack 0
   102  000013                     _PREV_STATE:
   103                           	opt stack 0
   104  000013                     	ds	1
   105  000014                     _STATE:
   106                           	opt stack 0
   107  000014                     	ds	1
   108  000015                     _bled_tmr0_tick:
   109                           	opt stack 0
   110  000015                     	ds	1
   111  000016                     _gled_tmr0_tick:
   112                           	opt stack 0
   113  000016                     	ds	1
   114                           tblptru	equ	0xFF8
   115                           
   116                           	psect	cstackCOMRAM
   117  000001                     __pcstackCOMRAM:
   118                           	opt stack 0
   119  000001                     ??_isr:
   120  000001                     
   121                           ; 1 bytes @ 0x0
   122  000001                     	ds	18
   123  000013                     tblptru	equ	0xFF8
   124                           
   125                           ; 1 bytes @ 0x12
   126 ;;
   127 ;;Main: autosize = 0, tempsize = 0, incstack = 0, save=0
   128 ;;
   129 ;; *************** function _main *****************
   130 ;; Defined at:
   131 ;;		line 28 in file "C:/Users/Scott/InstantCare/Engineering/7102-10 - 906GN-SmokeGSMHub/Firmware/ic_hubCode_jvolk/step1_
      +blink_green_led/main.c"
   132 ;; Parameters:    Size  Location     Type
   133 ;;		None
   134 ;; Auto vars:     Size  Location     Type
   135 ;;		None
   136 ;; Return value:  Size  Location     Type
   137 ;;                  1    wreg      void 
   138 ;; Registers used:
   139 ;;		wreg, status,2, cstack
   140 ;; Tracked objects:
   141 ;;		On entry : 0/0
   142 ;;		On exit  : 0/0
   143 ;;		Unchanged: 0/0
   144 ;; Data sizes:     COMRAM   BANK0   BANK1   BANK2   BANK3   BANK4   BANK5   BANK6   BANK7   BANK8   BANK9  BANK10  BANK1
      +1  BANK12  BANK13  BANK14  BANK15
   145 ;;      Params:         0       0       0       0       0       0       0       0       0       0       0       0       
      +0       0       0       0       0
   146 ;;      Locals:         0       0       0       0       0       0       0       0       0       0       0       0       
      +0       0       0       0       0
   147 ;;      Temps:          0       0       0       0       0       0       0       0       0       0       0       0       
      +0       0       0       0       0
   148 ;;      Totals:         0       0       0       0       0       0       0       0       0       0       0       0       
      +0       0       0       0       0
   149 ;;Total ram usage:        0 bytes
   150 ;; Hardware stack levels required when called:    5
   151 ;; This function calls:
   152 ;;		_init_pic
   153 ;; This function is called by:
   154 ;;		Startup code after reset
   155 ;; This function uses a non-reentrant model
   156 ;;
   157                           
   158                           	psect	text0
   159  000186                     __ptext0:
   160                           	opt stack 0
   161  000186                     _main:
   162                           	opt stack 26
   163                           
   164                           ;main.c: 30: init_pic();
   165                           
   166                           ;incstack = 0
   167  000186  EC5A  F000         	call	_init_pic	;wreg free
   168  00018A                     l65:
   169                           
   170                           ;main.c: 34: {
   171  00018A  D7FF               	goto	l65
   172  00018C                     __end_of_main:
   173                           	opt stack 0
   174                           tblptru	equ	0xFF8
   175                           
   176 ;; *************** function _init_pic *****************
   177 ;; Defined at:
   178 ;;		line 43 in file "C:/Users/Scott/InstantCare/Engineering/7102-10 - 906GN-SmokeGSMHub/Firmware/ic_hubCode_jvolk/step1_
      +blink_green_led/main.c"
   179 ;; Parameters:    Size  Location     Type
   180 ;;		None
   181 ;; Auto vars:     Size  Location     Type
   182 ;;		None
   183 ;; Return value:  Size  Location     Type
   184 ;;                  1    wreg      void 
   185 ;; Registers used:
   186 ;;		wreg, status,2, cstack
   187 ;; Tracked objects:
   188 ;;		On entry : 0/0
   189 ;;		On exit  : 0/0
   190 ;;		Unchanged: 0/0
   191 ;; Data sizes:     COMRAM   BANK0   BANK1   BANK2   BANK3   BANK4   BANK5   BANK6   BANK7   BANK8   BANK9  BANK10  BANK1
      +1  BANK12  BANK13  BANK14  BANK15
   192 ;;      Params:         0       0       0       0       0       0       0       0       0       0       0       0       
      +0       0       0       0       0
   193 ;;      Locals:         0       0       0       0       0       0       0       0       0       0       0       0       
      +0       0       0       0       0
   194 ;;      Temps:          0       0       0       0       0       0       0       0       0       0       0       0       
      +0       0       0       0       0
   195 ;;      Totals:         0       0       0       0       0       0       0       0       0       0       0       0       
      +0       0       0       0       0
   196 ;;Total ram usage:        0 bytes
   197 ;; Hardware stack levels used:    1
   198 ;; Hardware stack levels required when called:    4
   199 ;; This function calls:
   200 ;;		_enable_ints
   201 ;; This function is called by:
   202 ;;		_main
   203 ;; This function uses a non-reentrant model
   204 ;;
   205                           
   206                           	psect	text1
   207  0000B4                     __ptext1:
   208                           	opt stack 0
   209  0000B4                     _init_pic:
   210                           	opt stack 26
   211                           
   212                           ;main.c: 46: OSCCONbits.IDLEN = 0;
   213                           
   214                           ;incstack = 0
   215  0000B4  9ED3               	bcf	4051,7,c	;volatile
   216                           
   217                           ;main.c: 47: OSCCONbits.IRCF = 0b110;
   218  0000B6  50D3               	movf	4051,w,c	;volatile
   219  0000B8  0B8F               	andlw	-113
   220  0000BA  0960               	iorlw	96
   221  0000BC  6ED3               	movwf	4051,c	;volatile
   222                           
   223                           ;main.c: 48: OSCCONbits.OSTS = 1;
   224  0000BE  86D3               	bsf	4051,3,c	;volatile
   225                           
   226                           ;main.c: 52: ANSELA = 0x01;
   227  0000C0  0E01               	movlw	1
   228  0000C2  010F               	movlb	15	; () banked
   229  0000C4  6F38               	movwf	56,b	;volatile
   230                           
   231                           ; BSR set to: 15
   232                           ;main.c: 53: TRISAbits.TRISA0 = 1;
   233  0000C6  8092               	bsf	3986,0,c	;volatile
   234                           
   235                           ; BSR set to: 15
   236                           ;main.c: 54: TRISAbits.TRISA3 = 0;
   237  0000C8  9692               	bcf	3986,3,c	;volatile
   238                           
   239                           ; BSR set to: 15
   240                           ;main.c: 55: LATAbits.LATA3 = 0;
   241  0000CA  9689               	bcf	3977,3,c	;volatile
   242                           
   243                           ;main.c: 58: ANSELC = 0x00;
   244  0000CC  0E00               	movlw	0
   245  0000CE  6F3A               	movwf	58,b	;volatile
   246                           
   247                           ; BSR set to: 15
   248                           ;main.c: 59: LATBbits.LB3 = 1;
   249  0000D0  868A               	bsf	3978,3,c	;volatile
   250                           
   251                           ; BSR set to: 15
   252                           ;main.c: 60: TRISBbits.TRISB3 = 0;
   253  0000D2  9693               	bcf	3987,3,c	;volatile
   254                           
   255                           ; BSR set to: 15
   256                           ;main.c: 61: PORTCbits.RC6 = 1;
   257  0000D4  8C82               	bsf	3970,6,c	;volatile
   258                           
   259                           ; BSR set to: 15
   260                           ;main.c: 62: TRISCbits.TRISC6 = 0;
   261  0000D6  9C94               	bcf	3988,6,c	;volatile
   262                           
   263                           ; BSR set to: 15
   264                           ;main.c: 63: LATCbits.LATC7 = 1;
   265  0000D8  8E8B               	bsf	3979,7,c	;volatile
   266                           
   267                           ; BSR set to: 15
   268                           ;main.c: 64: TRISCbits.TRISC7 = 1;
   269  0000DA  8E94               	bsf	3988,7,c	;volatile
   270                           
   271                           ;main.c: 67: ANSELB = 0x00;
   272  0000DC  0E00               	movlw	0
   273  0000DE  6F39               	movwf	57,b	;volatile
   274                           
   275                           ; BSR set to: 15
   276                           ;main.c: 68: TRISBbits.TRISB0 = 1;
   277  0000E0  8093               	bsf	3987,0,c	;volatile
   278                           
   279                           ; BSR set to: 15
   280                           ;main.c: 69: TRISCbits.TRISC1 = 1;
   281  0000E2  8294               	bsf	3988,1,c	;volatile
   282                           
   283                           ; BSR set to: 15
   284                           ;main.c: 70: LATBbits.LB1 = 1;
   285  0000E4  828A               	bsf	3978,1,c	;volatile
   286                           
   287                           ; BSR set to: 15
   288                           ;main.c: 71: TRISBbits.TRISB1 = 1;
   289  0000E6  8293               	bsf	3987,1,c	;volatile
   290                           
   291                           ; BSR set to: 15
   292                           ;main.c: 72: LATBbits.LATB2 = 1;
   293  0000E8  848A               	bsf	3978,2,c	;volatile
   294                           
   295                           ; BSR set to: 15
   296                           ;main.c: 73: TRISBbits.TRISB2 = 1;
   297  0000EA  8493               	bsf	3987,2,c	;volatile
   298                           
   299                           ; BSR set to: 15
   300                           ;main.c: 74: LATCbits.LC4 = 1;
   301  0000EC  888B               	bsf	3979,4,c	;volatile
   302                           
   303                           ; BSR set to: 15
   304                           ;main.c: 75: TRISCbits.TRISC4 = 0;
   305  0000EE  9894               	bcf	3988,4,c	;volatile
   306                           
   307                           ; BSR set to: 15
   308                           ;main.c: 76: PORTBbits.RB4 = 1;
   309  0000F0  8881               	bsf	3969,4,c	;volatile
   310                           
   311                           ; BSR set to: 15
   312                           ;main.c: 77: TRISBbits.TRISB4 = 1;
   313  0000F2  8893               	bsf	3987,4,c	;volatile
   314                           
   315                           ; BSR set to: 15
   316                           ;main.c: 78: PORTBbits.RB5 = 1;
   317  0000F4  8A81               	bsf	3969,5,c	;volatile
   318                           
   319                           ; BSR set to: 15
   320                           ;main.c: 79: TRISBbits.TRISB5 = 1;
   321  0000F6  8A93               	bsf	3987,5,c	;volatile
   322                           
   323                           ; BSR set to: 15
   324                           ;main.c: 80: PORTBbits.RB6 = 1;
   325  0000F8  8C81               	bsf	3969,6,c	;volatile
   326                           
   327                           ; BSR set to: 15
   328                           ;main.c: 81: TRISBbits.TRISB6 = 0;
   329  0000FA  9C93               	bcf	3987,6,c	;volatile
   330                           
   331                           ; BSR set to: 15
   332                           ;main.c: 82: PORTBbits.RB7 = 1;
   333  0000FC  8E81               	bsf	3969,7,c	;volatile
   334                           
   335                           ; BSR set to: 15
   336                           ;main.c: 83: TRISBbits.TRISB7 = 1;
   337  0000FE  8E93               	bsf	3987,7,c	;volatile
   338                           
   339                           ; BSR set to: 15
   340                           ;main.c: 85: LATAbits.LATA1 = 0;
   341  000100  9289               	bcf	3977,1,c	;volatile
   342                           
   343                           ; BSR set to: 15
   344                           ;main.c: 86: TRISAbits.TRISA1 = 0;
   345  000102  9292               	bcf	3986,1,c	;volatile
   346                           
   347                           ; BSR set to: 15
   348                           ;main.c: 88: enable_ints();
   349  000104  ECB7  F000         	call	_enable_ints	;wreg free
   350                           
   351                           ;main.c: 89: STATE = IDLE;
   352  000108  0E00               	movlw	0
   353  00010A  6E14               	movwf	_STATE,c
   354  00010C  0012               	return		;funcret
   355  00010E                     __end_of_init_pic:
   356                           	opt stack 0
   357                           tblptru	equ	0xFF8
   358                           
   359 ;; *************** function _enable_ints *****************
   360 ;; Defined at:
   361 ;;		line 92 in file "C:/Users/Scott/InstantCare/Engineering/7102-10 - 906GN-SmokeGSMHub/Firmware/ic_hubCode_jvolk/step1_
      +blink_green_led/main.c"
   362 ;; Parameters:    Size  Location     Type
   363 ;;		None
   364 ;; Auto vars:     Size  Location     Type
   365 ;;		None
   366 ;; Return value:  Size  Location     Type
   367 ;;                  1    wreg      void 
   368 ;; Registers used:
   369 ;;		wreg, status,2, cstack
   370 ;; Tracked objects:
   371 ;;		On entry : 0/0
   372 ;;		On exit  : 0/0
   373 ;;		Unchanged: 0/0
   374 ;; Data sizes:     COMRAM   BANK0   BANK1   BANK2   BANK3   BANK4   BANK5   BANK6   BANK7   BANK8   BANK9  BANK10  BANK1
      +1  BANK12  BANK13  BANK14  BANK15
   375 ;;      Params:         0       0       0       0       0       0       0       0       0       0       0       0       
      +0       0       0       0       0
   376 ;;      Locals:         0       0       0       0       0       0       0       0       0       0       0       0       
      +0       0       0       0       0
   377 ;;      Temps:          0       0       0       0       0       0       0       0       0       0       0       0       
      +0       0       0       0       0
   378 ;;      Totals:         0       0       0       0       0       0       0       0       0       0       0       0       
      +0       0       0       0       0
   379 ;;Total ram usage:        0 bytes
   380 ;; Hardware stack levels used:    1
   381 ;; Hardware stack levels required when called:    3
   382 ;; This function calls:
   383 ;;		_start_timer0
   384 ;; This function is called by:
   385 ;;		_init_pic
   386 ;; This function uses a non-reentrant model
   387 ;;
   388                           
   389                           	psect	text2
   390  00016E                     __ptext2:
   391                           	opt stack 0
   392  00016E                     _enable_ints:
   393                           	opt stack 26
   394                           
   395                           ;main.c: 94: INTCONbits.GIE = 0;
   396                           
   397                           ;incstack = 0
   398  00016E  9EF2               	bcf	intcon,7,c	;volatile
   399                           
   400                           ;main.c: 97: start_timer0();
   401  000170  ECAD  F000         	call	_start_timer0	;wreg free
   402                           
   403                           ;main.c: 99: INTCONbits.GIE = 0;
   404  000174  9EF2               	bcf	intcon,7,c	;volatile
   405                           
   406                           ;main.c: 100: INTCONbits.PEIE = 1;
   407  000176  8CF2               	bsf	intcon,6,c	;volatile
   408                           
   409                           ;main.c: 102: INTCONbits.GIE = 1;
   410  000178  8EF2               	bsf	intcon,7,c	;volatile
   411  00017A  0012               	return		;funcret
   412  00017C                     __end_of_enable_ints:
   413                           	opt stack 0
   414                           tblptru	equ	0xFF8
   415                           intcon	equ	0xFF2
   416                           
   417 ;; *************** function _start_timer0 *****************
   418 ;; Defined at:
   419 ;;		line 105 in file "C:/Users/Scott/InstantCare/Engineering/7102-10 - 906GN-SmokeGSMHub/Firmware/ic_hubCode_jvolk/step1
      +_blink_green_led/main.c"
   420 ;; Parameters:    Size  Location     Type
   421 ;;		None
   422 ;; Auto vars:     Size  Location     Type
   423 ;;		None
   424 ;; Return value:  Size  Location     Type
   425 ;;                  1    wreg      void 
   426 ;; Registers used:
   427 ;;		wreg, status,2
   428 ;; Tracked objects:
   429 ;;		On entry : 0/0
   430 ;;		On exit  : 0/0
   431 ;;		Unchanged: 0/0
   432 ;; Data sizes:     COMRAM   BANK0   BANK1   BANK2   BANK3   BANK4   BANK5   BANK6   BANK7   BANK8   BANK9  BANK10  BANK1
      +1  BANK12  BANK13  BANK14  BANK15
   433 ;;      Params:         0       0       0       0       0       0       0       0       0       0       0       0       
      +0       0       0       0       0
   434 ;;      Locals:         0       0       0       0       0       0       0       0       0       0       0       0       
      +0       0       0       0       0
   435 ;;      Temps:          0       0       0       0       0       0       0       0       0       0       0       0       
      +0       0       0       0       0
   436 ;;      Totals:         0       0       0       0       0       0       0       0       0       0       0       0       
      +0       0       0       0       0
   437 ;;Total ram usage:        0 bytes
   438 ;; Hardware stack levels used:    1
   439 ;; Hardware stack levels required when called:    2
   440 ;; This function calls:
   441 ;;		Nothing
   442 ;; This function is called by:
   443 ;;		_enable_ints
   444 ;; This function uses a non-reentrant model
   445 ;;
   446                           
   447                           	psect	text3
   448  00015A                     __ptext3:
   449                           	opt stack 0
   450  00015A                     _start_timer0:
   451                           	opt stack 26
   452                           
   453                           ;main.c: 107: T0CON = 0x87;
   454                           
   455                           ;incstack = 0
   456  00015A  0E87               	movlw	135
   457  00015C  6ED5               	movwf	4053,c	;volatile
   458                           
   459                           ;main.c: 108: TMR0L = ((65535-781)%256);
   460  00015E  0EF2               	movlw	242
   461  000160  6ED6               	movwf	4054,c	;volatile
   462                           
   463                           ;main.c: 109: TMR0H = ((65535-781)/256);
   464  000162  0EFC               	movlw	252
   465  000164  6ED7               	movwf	4055,c	;volatile
   466                           
   467                           ;main.c: 110: TMR0IF = 0;
   468  000166  94F2               	bcf	intcon,2,c	;volatile
   469                           
   470                           ;main.c: 111: TMR0IE = 1;
   471  000168  8AF2               	bsf	intcon,5,c	;volatile
   472                           
   473                           ;main.c: 112: INTCONbits.GIE = 1;
   474  00016A  8EF2               	bsf	intcon,7,c	;volatile
   475  00016C  0012               	return		;funcret
   476  00016E                     __end_of_start_timer0:
   477                           	opt stack 0
   478                           tblptru	equ	0xFF8
   479                           intcon	equ	0xFF2
   480                           
   481 ;; *************** function _isr *****************
   482 ;; Defined at:
   483 ;;		line 14 in file "C:/Users/Scott/InstantCare/Engineering/7102-10 - 906GN-SmokeGSMHub/Firmware/ic_hubCode_jvolk/step1_
      +blink_green_led/main.c"
   484 ;; Parameters:    Size  Location     Type
   485 ;;		None
   486 ;; Auto vars:     Size  Location     Type
   487 ;;		None
   488 ;; Return value:  Size  Location     Type
   489 ;;                  1    wreg      void 
   490 ;; Registers used:
   491 ;;		wreg, status,2, status,0, cstack
   492 ;; Tracked objects:
   493 ;;		On entry : 0/0
   494 ;;		On exit  : 0/0
   495 ;;		Unchanged: 0/0
   496 ;; Data sizes:     COMRAM   BANK0   BANK1   BANK2   BANK3   BANK4   BANK5   BANK6   BANK7   BANK8   BANK9  BANK10  BANK1
      +1  BANK12  BANK13  BANK14  BANK15
   497 ;;      Params:         0       0       0       0       0       0       0       0       0       0       0       0       
      +0       0       0       0       0
   498 ;;      Locals:         0       0       0       0       0       0       0       0       0       0       0       0       
      +0       0       0       0       0
   499 ;;      Temps:         18       0       0       0       0       0       0       0       0       0       0       0       
      +0       0       0       0       0
   500 ;;      Totals:        18       0       0       0       0       0       0       0       0       0       0       0       
      +0       0       0       0       0
   501 ;;Total ram usage:       18 bytes
   502 ;; Hardware stack levels used:    1
   503 ;; Hardware stack levels required when called:    1
   504 ;; This function calls:
   505 ;;		_control_leds
   506 ;;		_reload_timer0
   507 ;; This function is called by:
   508 ;;		Interrupt level 2
   509 ;; This function uses a non-reentrant model
   510 ;;
   511                           
   512                           	psect	intcode
   513  000008                     __pintcode:
   514                           	opt stack 0
   515  000008                     _isr:
   516                           	opt stack 26
   517                           
   518                           ;incstack = 0
   519  000008  8217               	bsf	btemp,1,c	;set compiler interrupt flag (level 2)
   520  00000A  CFFA F001          	movff	pclath,??_isr
   521  00000E  CFFB F002          	movff	pclatu,??_isr+1
   522  000012  CFE9 F003          	movff	fsr0l,??_isr+2
   523  000016  CFEA F004          	movff	fsr0h,??_isr+3
   524  00001A  CFE1 F005          	movff	fsr1l,??_isr+4
   525  00001E  CFE2 F006          	movff	fsr1h,??_isr+5
   526  000022  CFD9 F007          	movff	fsr2l,??_isr+6
   527  000026  CFDA F008          	movff	fsr2h,??_isr+7
   528  00002A  CFF3 F009          	movff	prodl,??_isr+8
   529  00002E  CFF4 F00A          	movff	prodh,??_isr+9
   530  000032  CFF6 F00B          	movff	tblptrl,??_isr+10
   531  000036  CFF7 F00C          	movff	tblptrh,??_isr+11
   532  00003A  CFF8 F00D          	movff	tblptru,??_isr+12
   533  00003E  CFF5 F00E          	movff	tablat,??_isr+13
   534  000042  C017  F00F         	movff	btemp,??_isr+14
   535  000046  C018  F010         	movff	btemp+1,??_isr+15
   536  00004A  C019  F011         	movff	btemp+2,??_isr+16
   537  00004E  C01A  F012         	movff	btemp+3,??_isr+17
   538                           
   539                           ;main.c: 16: if (TMR0IF)
   540  000052  A4F2               	btfss	intcon,2,c	;volatile
   541  000054  D007               	goto	i2l59
   542                           
   543                           ;main.c: 17: {
   544                           ;main.c: 18: TMR0IF = 0;
   545  000056  94F2               	bcf	intcon,2,c	;volatile
   546                           
   547                           ;main.c: 19: reload_timer0();
   548  000058  ECBE  F000         	call	_reload_timer0	;wreg free
   549                           
   550                           ;main.c: 20: gled_tmr0_tick++;
   551  00005C  2A16               	incf	_gled_tmr0_tick,f,c
   552                           
   553                           ;main.c: 21: bled_tmr0_tick++;
   554  00005E  2A15               	incf	_bled_tmr0_tick,f,c
   555                           
   556                           ;main.c: 22: control_leds();
   557  000060  EC87  F000         	call	_control_leds	;wreg free
   558  000064                     i2l59:
   559  000064  C012  F01A         	movff	??_isr+17,btemp+3
   560  000068  C011  F019         	movff	??_isr+16,btemp+2
   561  00006C  C010  F018         	movff	??_isr+15,btemp+1
   562  000070  C00F  F017         	movff	??_isr+14,btemp
   563  000074  C00E  FFF5         	movff	??_isr+13,tablat
   564  000078  C00D  FFF8         	movff	??_isr+12,tblptru
   565  00007C  C00C  FFF7         	movff	??_isr+11,tblptrh
   566  000080  C00B  FFF6         	movff	??_isr+10,tblptrl
   567  000084  C00A  FFF4         	movff	??_isr+9,prodh
   568  000088  C009  FFF3         	movff	??_isr+8,prodl
   569  00008C  C008  FFDA         	movff	??_isr+7,fsr2h
   570  000090  C007  FFD9         	movff	??_isr+6,fsr2l
   571  000094  C006  FFE2         	movff	??_isr+5,fsr1h
   572  000098  C005  FFE1         	movff	??_isr+4,fsr1l
   573  00009C  C004  FFEA         	movff	??_isr+3,fsr0h
   574  0000A0  C003  FFE9         	movff	??_isr+2,fsr0l
   575  0000A4  C002  FFFB         	movff	??_isr+1,pclatu
   576  0000A8  C001  FFFA         	movff	??_isr,pclath
   577  0000AC  9217               	bcf	btemp,1,c	;clear compiler interrupt flag (level 2)
   578  0000AE  0011               	retfie		f
   579  0000B0                     __end_of_isr:
   580                           	opt stack 0
   581                           pclatu	equ	0xFFB
   582                           pclath	equ	0xFFA
   583                           tblptru	equ	0xFF8
   584                           tblptrh	equ	0xFF7
   585                           tblptrl	equ	0xFF6
   586                           tablat	equ	0xFF5
   587                           prodh	equ	0xFF4
   588                           prodl	equ	0xFF3
   589                           intcon	equ	0xFF2
   590                           fsr0h	equ	0xFEA
   591                           fsr0l	equ	0xFE9
   592                           fsr1h	equ	0xFE2
   593                           fsr1l	equ	0xFE1
   594                           fsr2h	equ	0xFDA
   595                           fsr2l	equ	0xFD9
   596                           
   597 ;; *************** function _reload_timer0 *****************
   598 ;; Defined at:
   599 ;;		line 116 in file "C:/Users/Scott/InstantCare/Engineering/7102-10 - 906GN-SmokeGSMHub/Firmware/ic_hubCode_jvolk/step1
      +_blink_green_led/main.c"
   600 ;; Parameters:    Size  Location     Type
   601 ;;		None
   602 ;; Auto vars:     Size  Location     Type
   603 ;;		None
   604 ;; Return value:  Size  Location     Type
   605 ;;                  1    wreg      void 
   606 ;; Registers used:
   607 ;;		wreg, status,2
   608 ;; Tracked objects:
   609 ;;		On entry : 0/0
   610 ;;		On exit  : 0/0
   611 ;;		Unchanged: 0/0
   612 ;; Data sizes:     COMRAM   BANK0   BANK1   BANK2   BANK3   BANK4   BANK5   BANK6   BANK7   BANK8   BANK9  BANK10  BANK1
      +1  BANK12  BANK13  BANK14  BANK15
   613 ;;      Params:         0       0       0       0       0       0       0       0       0       0       0       0       
      +0       0       0       0       0
   614 ;;      Locals:         0       0       0       0       0       0       0       0       0       0       0       0       
      +0       0       0       0       0
   615 ;;      Temps:          0       0       0       0       0       0       0       0       0       0       0       0       
      +0       0       0       0       0
   616 ;;      Totals:         0       0       0       0       0       0       0       0       0       0       0       0       
      +0       0       0       0       0
   617 ;;Total ram usage:        0 bytes
   618 ;; Hardware stack levels used:    1
   619 ;; This function calls:
   620 ;;		Nothing
   621 ;; This function is called by:
   622 ;;		_isr
   623 ;; This function uses a non-reentrant model
   624 ;;
   625                           
   626                           	psect	text5
   627  00017C                     __ptext5:
   628                           	opt stack 0
   629  00017C                     _reload_timer0:
   630                           	opt stack 26
   631                           
   632                           ;main.c: 118: TMR0L = ((65535-781)%256);
   633                           
   634                           ;incstack = 0
   635  00017C  0EF2               	movlw	242
   636  00017E  6ED6               	movwf	4054,c	;volatile
   637                           
   638                           ;main.c: 119: TMR0H = ((65535-781)/256);
   639  000180  0EFC               	movlw	252
   640  000182  6ED7               	movwf	4055,c	;volatile
   641  000184  0012               	return		;funcret
   642  000186                     __end_of_reload_timer0:
   643                           	opt stack 0
   644                           pclatu	equ	0xFFB
   645                           pclath	equ	0xFFA
   646                           tblptru	equ	0xFF8
   647                           tblptrh	equ	0xFF7
   648                           tblptrl	equ	0xFF6
   649                           tablat	equ	0xFF5
   650                           prodh	equ	0xFF4
   651                           prodl	equ	0xFF3
   652                           intcon	equ	0xFF2
   653                           fsr0h	equ	0xFEA
   654                           fsr0l	equ	0xFE9
   655                           fsr1h	equ	0xFE2
   656                           fsr1l	equ	0xFE1
   657                           fsr2h	equ	0xFDA
   658                           fsr2l	equ	0xFD9
   659                           
   660 ;; *************** function _control_leds *****************
   661 ;; Defined at:
   662 ;;		line 5 in file "C:/Users/Scott/InstantCare/Engineering/7102-10 - 906GN-SmokeGSMHub/Firmware/ic_hubCode_jvolk/step1_b
      +link_green_led/state.c"
   663 ;; Parameters:    Size  Location     Type
   664 ;;		None
   665 ;; Auto vars:     Size  Location     Type
   666 ;;		None
   667 ;; Return value:  Size  Location     Type
   668 ;;                  1    wreg      void 
   669 ;; Registers used:
   670 ;;		wreg, status,2, status,0
   671 ;; Tracked objects:
   672 ;;		On entry : 0/0
   673 ;;		On exit  : 0/0
   674 ;;		Unchanged: 0/0
   675 ;; Data sizes:     COMRAM   BANK0   BANK1   BANK2   BANK3   BANK4   BANK5   BANK6   BANK7   BANK8   BANK9  BANK10  BANK1
      +1  BANK12  BANK13  BANK14  BANK15
   676 ;;      Params:         0       0       0       0       0       0       0       0       0       0       0       0       
      +0       0       0       0       0
   677 ;;      Locals:         0       0       0       0       0       0       0       0       0       0       0       0       
      +0       0       0       0       0
   678 ;;      Temps:          0       0       0       0       0       0       0       0       0       0       0       0       
      +0       0       0       0       0
   679 ;;      Totals:         0       0       0       0       0       0       0       0       0       0       0       0       
      +0       0       0       0       0
   680 ;;Total ram usage:        0 bytes
   681 ;; Hardware stack levels used:    1
   682 ;; This function calls:
   683 ;;		Nothing
   684 ;; This function is called by:
   685 ;;		_isr
   686 ;; This function uses a non-reentrant model
   687 ;;
   688                           
   689                           	psect	text6
   690  00010E                     __ptext6:
   691                           	opt stack 0
   692  00010E                     _control_leds:
   693                           	opt stack 26
   694                           
   695                           ;state.c: 7: switch (STATE)
   696                           
   697                           ;incstack = 0
   698  00010E  D015               	goto	i2l95
   699  000110                     i2l98:
   700                           
   701                           ;state.c: 13: LATBbits.LB3=0;
   702  000110  968A               	bcf	3978,3,c	;volatile
   703                           
   704                           ;state.c: 14: break;
   705  000112  D00F               	goto	i2l99
   706  000114                     i2l100:
   707                           
   708                           ;state.c: 16: LATBbits.LB3=1;
   709  000114  868A               	bsf	3978,3,c	;volatile
   710                           
   711                           ;state.c: 17: break;
   712  000116  D00D               	goto	i2l99
   713  000118                     
   714                           ;state.c: 19: gled_tmr0_tick = 0;
   715  000118  0E00               	movlw	0
   716  00011A  6E16               	movwf	_gled_tmr0_tick,c
   717                           
   718                           ;state.c: 21: }
   719                           
   720                           ;state.c: 20: break;
   721  00011C  D00A               	goto	i2l99
   722  00011E  5016               	movf	_gled_tmr0_tick,w,c
   723                           
   724                           ; Switch size 1, requested type "space"
   725                           ; Number of cases is 3, Range of values is 1 to 20
   726                           ; switch strategies available:
   727                           ; Name         Instructions Cycles
   728                           ; simple_byte           10     6 (average)
   729                           ;	Chosen strategy is simple_byte
   730  000120  0A01               	xorlw	1	; case 1
   731  000122  B4D8               	btfsc	status,2,c
   732  000124  D7F5               	goto	i2l98
   733  000126  0A04               	xorlw	4	; case 5
   734  000128  B4D8               	btfsc	status,2,c
   735  00012A  D7F4               	goto	i2l100
   736  00012C  0A11               	xorlw	17	; case 20
   737  00012E  B4D8               	btfsc	status,2,c
   738  000130  D7F3               	goto	i2l101
   739  000132                     i2l99:
   740                           
   741                           ;state.c: 22: LATCbits.LC4=1;
   742  000132  888B               	bsf	3979,4,c	;volatile
   743                           
   744                           ;state.c: 23: bled_tmr0_tick = 0;
   745  000134  0E00               	movlw	0
   746  000136  6E15               	movwf	_bled_tmr0_tick,c
   747                           
   748                           ;state.c: 25: }
   749                           
   750                           ;state.c: 24: break;
   751  000138  0012               	return	
   752  00013A                     i2l95:
   753  00013A  5014               	movf	_STATE,w,c
   754                           
   755                           ; Switch size 1, requested type "space"
   756                           ; Number of cases is 1, Range of values is 0 to 0
   757                           ; switch strategies available:
   758                           ; Name         Instructions Cycles
   759                           ; simple_byte            4     3 (average)
   760                           ;	Chosen strategy is simple_byte
   761  00013C  0A00               	xorlw	0	; case 0
   762  00013E  A4D8               	btfss	status,2,c
   763  000140  0012               	return	
   764  000142  D7ED               	goto	i2l97
   765  000144                     __end_of_control_leds:
   766                           	opt stack 0
   767  0000                     pclatu	equ	0xFFB
   768                           pclath	equ	0xFFA
   769                           tblptru	equ	0xFF8
   770                           tblptrh	equ	0xFF7
   771                           tblptrl	equ	0xFF6
   772                           tablat	equ	0xFF5
   773                           prodh	equ	0xFF4
   774                           prodl	equ	0xFF3
   775                           intcon	equ	0xFF2
   776                           fsr0h	equ	0xFEA
   777                           fsr0l	equ	0xFE9
   778                           fsr1h	equ	0xFE2
   779                           fsr1l	equ	0xFE1
   780                           fsr2h	equ	0xFDA
   781                           fsr2l	equ	0xFD9
   782                           status	equ	0xFD8
   783                           pclatu	equ	0xFFB
   784                           pclath	equ	0xFFA
   785                           tblptru	equ	0xFF8
   786                           tblptrh	equ	0xFF7
   787                           tblptrl	equ	0xFF6
   788                           tablat	equ	0xFF5
   789                           prodh	equ	0xFF4
   790                           prodl	equ	0xFF3
   791                           intcon	equ	0xFF2
   792                           fsr0h	equ	0xFEA
   793                           fsr0l	equ	0xFE9
   794                           fsr1h	equ	0xFE2
   795                           fsr1l	equ	0xFE1
   796                           fsr2h	equ	0xFDA
   797                           fsr2l	equ	0xFD9
   798                           status	equ	0xFD8
   799                           
   800                           	psect	rparam
   801  0000                     pclatu	equ	0xFFB
   802                           pclath	equ	0xFFA
   803                           tblptru	equ	0xFF8
   804                           tblptrh	equ	0xFF7
   805                           tblptrl	equ	0xFF6
   806                           tablat	equ	0xFF5
   807                           prodh	equ	0xFF4
   808                           prodl	equ	0xFF3
   809                           intcon	equ	0xFF2
   810                           fsr0h	equ	0xFEA
   811                           fsr0l	equ	0xFE9
   812                           fsr1h	equ	0xFE2
   813                           fsr1l	equ	0xFE1
   814                           fsr2h	equ	0xFDA
   815                           fsr2l	equ	0xFD9
   816                           status	equ	0xFD8
   817                           
   818                           	psect	temp
   819  000017                     btemp:
   820                           	opt stack 0
   821  000017                     	ds	1
   822  0000                     int$flags	set	btemp
   823  0000                     wtemp6	set	btemp+1
   824                           pclatu	equ	0xFFB
   825                           pclath	equ	0xFFA
   826                           tblptru	equ	0xFF8
   827                           tblptrh	equ	0xFF7
   828                           tblptrl	equ	0xFF6
   829                           tablat	equ	0xFF5
   830                           prodh	equ	0xFF4
   831                           prodl	equ	0xFF3
   832                           intcon	equ	0xFF2
   833                           fsr0h	equ	0xFEA
   834                           fsr0l	equ	0xFE9
   835                           fsr1h	equ	0xFE2
   836                           fsr1l	equ	0xFE1
   837                           fsr2h	equ	0xFDA
   838                           fsr2l	equ	0xFD9
   839                           status	equ	0xFD8


Data Sizes:
    Strings     0
    Constant    0
    Data        0
    BSS         4
    Persistent  0
    Stack       0

Auto Spaces:
    Space          Size  Autos    Used
    COMRAM           94     18      22
    BANK0           160      0       0
    BANK1           256      0       0
    BANK2           256      0       0
    BANK3           256      0       0
    BANK4           256      0       0
    BANK5           256      0       0
    BANK6           256      0       0
    BANK7           256      0       0
    BANK8           256      0       0
    BANK9           256      0       0
    BANK10          256      0       0
    BANK11          256      0       0
    BANK12          256      0       0
    BANK13          256      0       0
    BANK14          256      0       0
    BANK15           56      0       0

Pointer List with Targets:

    None.

Critical Paths under _main in COMRAM

    None.

Critical Paths under _isr in COMRAM

    None.

Critical Paths under _main in BANK0

    None.

Critical Paths under _isr in BANK0

    None.

Critical Paths under _main in BANK1

    None.

Critical Paths under _isr in BANK1

    None.

Critical Paths under _main in BANK2

    None.

Critical Paths under _isr in BANK2

    None.

Critical Paths under _main in BANK3

    None.

Critical Paths under _isr in BANK3

    None.

Critical Paths under _main in BANK4

    None.

Critical Paths under _isr in BANK4

    None.

Critical Paths under _main in BANK5

    None.

Critical Paths under _isr in BANK5

    None.

Critical Paths under _main in BANK6

    None.

Critical Paths under _isr in BANK6

    None.

Critical Paths under _main in BANK7

    None.

Critical Paths under _isr in BANK7

    None.

Critical Paths under _main in BANK8

    None.

Critical Paths under _isr in BANK8

    None.

Critical Paths under _main in BANK9

    None.

Critical Paths under _isr in BANK9

    None.

Critical Paths under _main in BANK10

    None.

Critical Paths under _isr in BANK10

    None.

Critical Paths under _main in BANK11

    None.

Critical Paths under _isr in BANK11

    None.

Critical Paths under _main in BANK12

    None.

Critical Paths under _isr in BANK12

    None.

Critical Paths under _main in BANK13

    None.

Critical Paths under _isr in BANK13

    None.

Critical Paths under _main in BANK14

    None.

Critical Paths under _isr in BANK14

    None.

Critical Paths under _main in BANK15

    None.

Critical Paths under _isr in BANK15

    None.

Call Graph Tables:

 ---------------------------------------------------------------------------------
 (Depth) Function   	        Calls       Base Space   Used Autos Params    Refs
 ---------------------------------------------------------------------------------
 (0) _main                                                 0     0      0       0
                           _init_pic
 ---------------------------------------------------------------------------------
 (1) _init_pic                                             0     0      0       0
                        _enable_ints
 ---------------------------------------------------------------------------------
 (2) _enable_ints                                          0     0      0       0
                       _start_timer0
 ---------------------------------------------------------------------------------
 (3) _start_timer0                                         0     0      0       0
 ---------------------------------------------------------------------------------
 Estimated maximum stack depth 3
 ---------------------------------------------------------------------------------
 (Depth) Function   	        Calls       Base Space   Used Autos Params    Refs
 ---------------------------------------------------------------------------------
 (4) _isr                                                 18    18      0       0
                                              0 COMRAM    18    18      0
                       _control_leds
                      _reload_timer0
 ---------------------------------------------------------------------------------
 (5) _reload_timer0                                        0     0      0       0
 ---------------------------------------------------------------------------------
 (5) _control_leds                                         0     0      0       0
 ---------------------------------------------------------------------------------
 Estimated maximum stack depth 5
 ---------------------------------------------------------------------------------

 Call Graph Graphs:

 _main (ROOT)
   _init_pic
     _enable_ints
       _start_timer0

 _isr (ROOT)
   _control_leds
   _reload_timer0

 Address spaces:
Name               Size   Autos  Total    Cost      Usage
BIGRAM             F37      0       0      37        0.0%
EEDATA             400      0       0       0        0.0%
BITBANK14          100      0       0      33        0.0%
BANK14             100      0       0      34        0.0%
BITBANK13          100      0       0      31        0.0%
BANK13             100      0       0      32        0.0%
BITBANK12          100      0       0      29        0.0%
BANK12             100      0       0      30        0.0%
BITBANK11          100      0       0      27        0.0%
BANK11             100      0       0      28        0.0%
BITBANK10          100      0       0      25        0.0%
BANK10             100      0       0      26        0.0%
BITBANK9           100      0       0      23        0.0%
BANK9              100      0       0      24        0.0%
BITBANK8           100      0       0      21        0.0%
BANK8              100      0       0      22        0.0%
BITBANK7           100      0       0      19        0.0%
BANK7              100      0       0      20        0.0%
BITBANK6           100      0       0      17        0.0%
BANK6              100      0       0      18        0.0%
BITBANK5           100      0       0      15        0.0%
BANK5              100      0       0      16        0.0%
BITBANK4           100      0       0      13        0.0%
BANK4              100      0       0      14        0.0%
BITBANK3           100      0       0      10        0.0%
BANK3              100      0       0      11        0.0%
BITBANK2           100      0       0       8        0.0%
BANK2              100      0       0       9        0.0%
BITBANK1           100      0       0       6        0.0%
BANK1              100      0       0       7        0.0%
BITBANK0            A0      0       0       4        0.0%
BANK0               A0      0       0       5        0.0%
BITCOMRAM           5E      0       0       0        0.0%
COMRAM              5E     12      16       1       23.4%
BITBANK15           38      0       0      35        0.0%
BANK15              38      0       0      36        0.0%
BITSFR_1             0      0       0     200        0.0%
SFR_1                0      0       0     200        0.0%
BITSFR               0      0       0     200        0.0%
SFR                  0      0       0     200        0.0%
STACK                0      0       0       2        0.0%
NULL                 0      0       0       0        0.0%
ABS                  0      0      16      12        0.0%
DATA                 0      0      16       3        0.0%
CODE                 0      0       0       0        0.0%


Microchip Technology PIC18 Macro Assembler V1.45 build -152302408 
Symbol Table                                                                                   Tue Oct 16 17:15:04 2018

  __size_of_start_timer0 0014              __CFG_CP0$ON 000000              __CFG_CP1$ON 000000  
            __CFG_CP2$ON 000000              __CFG_CP3$ON 000000                       l65 018A  
            __CFG_CPB$ON 000000              __CFG_CPD$ON 000000                      _isr 0008  
           __CFG_LVP$OFF 000000                     ?_isr 0001                     i2l59 0064  
                   i2l95 013A                     i2l97 011E                     i2l98 0110  
                   i2l99 0132                     _main 0186                     fsr0h 000FEA  
                   fsr1h 000FE2                     fsr2h 000FDA                     fsr0l 000FE9  
                   fsr1l 000FE1                     fsr2l 000FD9                     btemp 0017  
           _start_timer0 015A            __CFG_BORV$190 000000                     prodh 000FF4  
                   prodl 000FF3                     start 00B0            __CFG_IESO$OFF 000000  
           ___param_bank 000000                    ??_isr 0001            ?_control_leds 0001  
                  ?_main 0001                    _T0CON 000FD5                    i2l100 0114  
                  i2l101 0118                    _TMR0H 000FD7                    _TMR0L 000FD6  
                  _STATE 0014            __CFG_WRT0$OFF 000000            __CFG_WRT1$OFF 000000  
          __CFG_WRT2$OFF 000000            __CFG_WRT3$OFF 000000           __CFG_EBTR0$OFF 000000  
         __CFG_FCMEN$OFF 000000           __CFG_EBTR1$OFF 000000           __CFG_EBTR2$OFF 000000  
         __CFG_EBTR3$OFF 000000            __CFG_WRTB$OFF 000000            __CFG_WRTC$OFF 000000  
          __CFG_WRTD$OFF 000000           __CFG_EBTRB$OFF 000000       __CFG_MCLRE$INTMCLR 000000  
                  pclath 000FFA                    tablat 000FF5                    status 000FD8  
                  wtemp6 0018           __CFG_HFOFST$ON 000000          __initialization 0144  
           __end_of_main 018C    __end_of_reload_timer0 0186           ??_control_leds 0001  
         _bled_tmr0_tick 0015                   ??_main 0013            __activetblptr 000002  
   __size_of_enable_ints 000E                   _ANSELA 000F38                   _ANSELB 000F39  
                 _ANSELC 000F3A                   _TMR0IE 007F95                   _TMR0IF 007F92  
         __CFG_WDTPS$256 000000           __CFG_XINST$OFF 000000           __CFG_STVREN$ON 000000  
       __end_of_init_pic 010E                   tblptrh 000FF7                   tblptrl 000FF6  
                 tblptru 000FF8               __accesstop 0060  __end_of__initialization 014C  
        __CFG_PBADEN$OFF 000000            ___rparam_used 000001           __pcstackCOMRAM 0001  
        __CFG_PLLCFG$OFF 000000     __end_of_control_leds 0144       __CFG_CCP2MX$PORTC1 000000  
     __CFG_CCP3MX$PORTB5 000000          __CFG_WDTEN$SWON 000000                ?_init_pic 0001  
        __CFG_PWRTEN$OFF 000000                  __Hparam 0000                  __Lparam 0000  
                __pcinit 0144                  __ramtop 1000                  __ptext0 0186  
                __ptext1 00B4                  __ptext2 016E                  __ptext3 015A  
                __ptext5 017C                  __ptext6 010E             __size_of_isr 00A8  
   end_of_initialization 014C            __Lmediumconst 0000               ??_init_pic 0013  
              _PORTBbits 000F81                _PORTCbits 000F82            ??_enable_ints 0013  
       __CFG_FOSC$INTIO7 000000                _TRISAbits 000F92                _TRISBbits 000F93  
              _TRISCbits 000F94    __size_of_control_leds 0036   __size_of_reload_timer0 000A  
           _control_leds 010E      start_initialization 0144              __end_of_isr 00B0  
    __end_of_enable_ints 017C            ?_start_timer0 0001            _reload_timer0 017C  
            __pbssCOMRAM 0013           ??_start_timer0 0013        __size_of_init_pic 005A  
              __pintcode 0008           ?_reload_timer0 0001         __CFG_PRICLKEN$ON 000000  
            _enable_ints 016E                 _LATAbits 000F89                 _LATBbits 000F8A  
               _LATCbits 000F8B                 __Hrparam 0000          ??_reload_timer0 0001  
               __Lrparam 0000       __CFG_BOREN$SBORDIS 000000        __CFG_P2BMX$PORTB5 000000  
   __end_of_start_timer0 016E           _gled_tmr0_tick 0016            __size_of_main 0006  
               _init_pic 00B4                 int$flags 0017               _INTCONbits 000FF2  
               intlevel2 0000               _OSCCONbits 000FD3             ?_enable_ints 0001  
             _PREV_STATE 0013        __CFG_T3CMX$PORTC0 000000  
