

Microchip Technology PIC18 LITE Macro Assembler V1.45 build -152302408 
                                                                                               Thu Oct 25 16:50:55 2018

Microchip Technology Omniscient Code Generator v1.45 (Free mode) build 201711160504
     1                           	processor	18F26K22
     2                           	fnconf	rparam,??,?,0
     3                           	opt	pw 120
     4                           	opt	lm
     5                           	psect	cinit,global,reloc=2,class=CODE,delta=1
     6                           	psect	bssCOMRAM,global,class=COMRAM,space=1,delta=1,noexec
     7                           	psect	cstackCOMRAM,global,class=COMRAM,space=1,delta=1,noexec
     8                           	psect	text0,global,reloc=2,class=CODE,delta=1
     9                           	psect	text1,global,reloc=2,class=CODE,delta=1
    10                           	psect	text2,global,reloc=2,class=CODE,delta=1
    11                           	psect	text3,global,reloc=2,class=CODE,delta=1
    12                           	psect	text4,global,reloc=2,class=CODE,delta=1
    13                           	psect	text5,global,reloc=2,class=CODE,delta=1
    14                           	psect	text6,global,reloc=2,class=CODE,delta=1
    15                           	psect	text7,global,reloc=2,class=CODE,delta=1
    16                           	psect	intcode,global,reloc=2,class=CODE,delta=1
    17                           	psect	text9,global,reloc=2,class=CODE,delta=1
    18                           	psect	text10,global,reloc=2,class=CODE,delta=1
    19                           	psect	intsave_regs,global,class=BIGRAM,space=1,delta=1,noexec
    20                           	psect	rparam,global,class=COMRAM,space=1,delta=1,noexec
    21                           	psect	temp,global,ovrld,common,class=COMRAM,space=1,delta=1
    22  0000                     
    23                           ; Version 1.45
    24                           ; Generated 16/11/2017 GMT
    25                           ; 
    26                           ; Copyright © 2017, Microchip Technology Inc. and its subsidiaries ("Microchip")
    27                           ; All rights reserved.
    28                           ; 
    29                           ; This software is developed by Microchip Technology Inc. and its subsidiaries ("Microch
      +                          ip").
    30                           ; 
    31                           ; Redistribution and use in source and binary forms, with or without modification, are
    32                           ; permitted provided that the following conditions are met:
    33                           ; 
    34                           ;     1. Redistributions of source code must retain the above copyright notice, this lis
      +                          t of
    35                           ;        conditions and the following disclaimer.
    36                           ; 
    37                           ;     2. Redistributions in binary form must reproduce the above copyright notice, this 
      +                          list
    38                           ;        of conditions and the following disclaimer in the documentation and/or other
    39                           ;        materials provided with the distribution.
    40                           ; 
    41                           ;     3. Microchip's name may not be used to endorse or promote products derived from th
      +                          is
    42                           ;        software without specific prior written permission.
    43                           ; 
    44                           ; THIS SOFTWARE IS PROVIDED BY MICROCHIP "AS IS" AND ANY EXPRESS OR IMPLIED WARRANTIES,
    45                           ; INCLUDING, BUT NOT LIMITED TO, THE IMPLIED WARRANTIES OF MERCHANTABILITY AND FITNESS F
      +                          OR
    46                           ; PURPOSE ARE DISCLAIMED.  IN NO EVENT SHALL MICROCHIP BE LIABLE FOR ANY DIRECT, INDIREC
      +                          T,
    47                           ; INCIDENTAL, SPECIAL, EXEMPLARY, OR CONSEQUENTIAL DAMAGES (INCLUDING BUT NOT LIMITED TO
    48                           ; PROCUREMENT OF SUBSTITUTE GOODS OR SERVICES; LOSS OF USE, DATA OR PROFITS; OR BUSINESS
    49                           ; INTERRUPTION) HOWSOEVER CAUSED AND ON ANY THEORY OF LIABILITY, WHETHER IN CONTRACT, ST
      +                          RICT
    50                           ; LIABILITY, OR TORT (INCLUDING NEGLIGENCE OR OTHERWISE) ARISING IN ANY WAY OUT OF THE U
      +                          SE OF
    51                           ; THIS SOFTWARE, EVEN IF ADVISED OF THE POSSIBILITY OF SUCH DAMAGE.
    52                           ; 
    53                           ; 
    54                           ; Code-generator required, PIC18F26K22 Definitions
    55                           ; 
    56                           ; SFR Addresses
    57  0000                     _ANSELB	set	3897
    58  0000                     _ANSELC	set	3898
    59  0000                     _ANSELA	set	3896
    60  0000                     _PIE1bits	set	3997
    61  0000                     _PIR1bits	set	3998
    62  0000                     _RCSTA1bits	set	4011
    63  0000                     _RC1STAbits	set	4011
    64  0000                     _SPBRG1	set	4015
    65  0000                     _SPBRGH1	set	4016
    66  0000                     _TXSTA1bits	set	4012
    67  0000                     _BAUDCONbits	set	4024
    68  0000                     _BAUDCON1bits	set	4024
    69  0000                     _TMR3L	set	4018
    70  0000                     _TMR3H	set	4019
    71  0000                     _PIE2bits	set	4000
    72  0000                     _T3CONbits	set	4017
    73  0000                     _TMR0H	set	4055
    74  0000                     _TMR0L	set	4054
    75  0000                     _T0CON	set	4053
    76  0000                     _INTCONbits	set	4082
    77  0000                     _PORTBbits	set	3969
    78  0000                     _TRISCbits	set	3988
    79  0000                     _PORTCbits	set	3970
    80  0000                     _TRISBbits	set	3987
    81  0000                     _LATBbits	set	3978
    82  0000                     _LATAbits	set	3977
    83  0000                     _TRISAbits	set	3986
    84  0000                     _OSCCONbits	set	4051
    85  0000                     _LATCbits	set	3979
    86  0000                     _PIR2bits	set	4001
    87  0000                     _GIE	set	32663
    88  0000                     _TMR0IE	set	32661
    89  0000                     _TMR0IF	set	32658
    90                           
    91                           ; #config settings
    92  0000                     
    93                           	psect	cinit
    94  000194                     __pcinit:
    95                           	opt stack 0
    96  000194                     start_initialization:
    97                           	opt stack 0
    98  000194                     __initialization:
    99                           	opt stack 0
   100                           
   101                           ; Clear objects allocated to COMRAM (11 bytes)
   102  000194  EE00  F015         	lfsr	0,__pbssCOMRAM
   103  000198  0E0B               	movlw	11
   104  00019A                     clear_0:
   105  00019A  6AEE               	clrf	postinc0,c
   106  00019C  06E8               	decf	wreg,f,c
   107  00019E  E1FD               	bnz	clear_0
   108  0001A0                     end_of_initialization:
   109                           	opt stack 0
   110  0001A0                     __end_of__initialization:
   111                           	opt stack 0
   112  0001A0  9020               	bcf	int$flags,0,c	;clear compiler interrupt flag (level 1)
   113  0001A2  9220               	bcf	int$flags,1,c	;clear compiler interrupt flag (level 2)
   114  0001A4  0E00               	movlw	low (__Lmediumconst shr (0+16))
   115  0001A6  6EF8               	movwf	tblptru,c
   116  0001A8  0100               	movlb	0
   117  0001AA  EFE9  F000         	goto	_main	;jump to C main() function
   118                           tblptru	equ	0xFF8
   119                           postinc0	equ	0xFEE
   120                           wreg	equ	0xFE8
   121                           
   122                           	psect	bssCOMRAM
   123  000015                     __pbssCOMRAM:
   124                           	opt stack 0
   125  000015                     _tmr3_cnt:
   126                           	opt stack 0
   127  000015                     	ds	2
   128  000017                     _PREV_STATE:
   129                           	opt stack 0
   130  000017                     	ds	1
   131  000018                     _STATE:
   132                           	opt stack 0
   133  000018                     	ds	1
   134  000019                     _waitingForModemBoot:
   135                           	opt stack 0
   136  000019                     	ds	1
   137  00001A                     _modemMayBeAwake:
   138                           	opt stack 0
   139  00001A                     	ds	1
   140  00001B                     _modemAwake:
   141                           	opt stack 0
   142  00001B                     	ds	1
   143  00001C                     __1sTmr3Cnt:
   144                           	opt stack 0
   145  00001C                     	ds	1
   146  00001D                     __25sTmr3Cnt:
   147                           	opt stack 0
   148  00001D                     	ds	1
   149  00001E                     _bled_tmr0_tick:
   150                           	opt stack 0
   151  00001E                     	ds	1
   152  00001F                     _gled_tmr0_tick:
   153                           	opt stack 0
   154  00001F                     	ds	1
   155                           tblptru	equ	0xFF8
   156                           postinc0	equ	0xFEE
   157                           wreg	equ	0xFE8
   158                           
   159                           	psect	cstackCOMRAM
   160  000001                     __pcstackCOMRAM:
   161                           	opt stack 0
   162  000001                     ??_isr:
   163  000001                     
   164                           ; 1 bytes @ 0x0
   165  000001                     	ds	18
   166  000013                     ??_start_modem:
   167  000013                     
   168                           ; 1 bytes @ 0x12
   169  000013                     	ds	2
   170  000015                     tblptru	equ	0xFF8
   171                           postinc0	equ	0xFEE
   172                           wreg	equ	0xFE8
   173                           
   174                           ; 1 bytes @ 0x14
   175 ;;
   176 ;;Main: autosize = 0, tempsize = 0, incstack = 0, save=0
   177 ;;
   178 ;; *************** function _main *****************
   179 ;; Defined at:
   180 ;;		line 63 in file "C:/Users/Scott/InstantCare/Engineering/7102-10 - 906GN-SmokeGSMHub/Firmware/ic_hubCode_jvolk/step2_
      +wait_md_boot/main.c"
   181 ;; Parameters:    Size  Location     Type
   182 ;;		None
   183 ;; Auto vars:     Size  Location     Type
   184 ;;		None
   185 ;; Return value:  Size  Location     Type
   186 ;;                  1    wreg      void 
   187 ;; Registers used:
   188 ;;		wreg, status,2, status,0, cstack
   189 ;; Tracked objects:
   190 ;;		On entry : 0/0
   191 ;;		On exit  : 0/0
   192 ;;		Unchanged: 0/0
   193 ;; Data sizes:     COMRAM   BANK0   BANK1   BANK2   BANK3   BANK4   BANK5   BANK6   BANK7   BANK8   BANK9  BANK10  BANK1
      +1  BANK12  BANK13  BANK14  BANK15
   194 ;;      Params:         0       0       0       0       0       0       0       0       0       0       0       0       
      +0       0       0       0       0
   195 ;;      Locals:         0       0       0       0       0       0       0       0       0       0       0       0       
      +0       0       0       0       0
   196 ;;      Temps:          0       0       0       0       0       0       0       0       0       0       0       0       
      +0       0       0       0       0
   197 ;;      Totals:         0       0       0       0       0       0       0       0       0       0       0       0       
      +0       0       0       0       0
   198 ;;Total ram usage:        0 bytes
   199 ;; Hardware stack levels required when called:    5
   200 ;; This function calls:
   201 ;;		_check_state
   202 ;;		_init_pic
   203 ;;		_start_modem
   204 ;; This function is called by:
   205 ;;		Startup code after reset
   206 ;; This function uses a non-reentrant model
   207 ;;
   208                           
   209                           	psect	text0
   210  0001D2                     __ptext0:
   211                           	opt stack 0
   212  0001D2                     _main:
   213                           	opt stack 26
   214                           
   215                           ;main.c: 65: init_pic();
   216                           
   217                           ;incstack = 0
   218  0001D2  EC67  F000         	call	_init_pic	;wreg free
   219                           
   220                           ;main.c: 67: start_modem();
   221  0001D6  EC94  F000         	call	_start_modem	;wreg free
   222  0001DA                     
   223                           ;main.c: 69: {
   224                           ;main.c: 70: check_state();
   225  0001DA  EC02  F001         	call	_check_state	;wreg free
   226  0001DE  D7FD               	goto	l95
   227  0001E0                     __end_of_main:
   228                           	opt stack 0
   229                           tblptru	equ	0xFF8
   230                           postinc0	equ	0xFEE
   231                           wreg	equ	0xFE8
   232                           
   233 ;; *************** function _start_modem *****************
   234 ;; Defined at:
   235 ;;		line 5 in file "C:/Users/Scott/InstantCare/Engineering/7102-10 - 906GN-SmokeGSMHub/Firmware/ic_hubCode_jvolk/step2_w
      +ait_md_boot/modem.c"
   236 ;; Parameters:    Size  Location     Type
   237 ;;		None
   238 ;; Auto vars:     Size  Location     Type
   239 ;;		None
   240 ;; Return value:  Size  Location     Type
   241 ;;                  1    wreg      void 
   242 ;; Registers used:
   243 ;;		wreg, status,2, cstack
   244 ;; Tracked objects:
   245 ;;		On entry : 0/0
   246 ;;		On exit  : 0/0
   247 ;;		Unchanged: 0/0
   248 ;; Data sizes:     COMRAM   BANK0   BANK1   BANK2   BANK3   BANK4   BANK5   BANK6   BANK7   BANK8   BANK9  BANK10  BANK1
      +1  BANK12  BANK13  BANK14  BANK15
   249 ;;      Params:         0       0       0       0       0       0       0       0       0       0       0       0       
      +0       0       0       0       0
   250 ;;      Locals:         0       0       0       0       0       0       0       0       0       0       0       0       
      +0       0       0       0       0
   251 ;;      Temps:          2       0       0       0       0       0       0       0       0       0       0       0       
      +0       0       0       0       0
   252 ;;      Totals:         2       0       0       0       0       0       0       0       0       0       0       0       
      +0       0       0       0       0
   253 ;;Total ram usage:        2 bytes
   254 ;; Hardware stack levels used:    1
   255 ;; Hardware stack levels required when called:    3
   256 ;; This function calls:
   257 ;;		_disable_md_uart
   258 ;;		_reload_tmr3_pt25s
   259 ;; This function is called by:
   260 ;;		_main
   261 ;; This function uses a non-reentrant model
   262 ;;
   263                           
   264                           	psect	text1
   265  000128                     __ptext1:
   266                           	opt stack 0
   267  000128                     _start_modem:
   268                           	opt stack 27
   269                           
   270                           ;modem.c: 7: if (!modemAwake)
   271                           
   272                           ;incstack = 0
   273  000128  501B               	movf	_modemAwake,w,c
   274  00012A  B4D8               	btfsc	status,2,c
   275  00012C  D00F               	goto	l970
   276                           
   277                           ;modem.c: 11: else
   278                           ;modem.c: 12: {
   279                           ;modem.c: 13: disable_md_uart();
   280                           
   281                           ;modem.c: 10: }
   282                           
   283                           ;modem.c: 8: {
   284                           ;modem.c: 9: LATAbits.LATA3 = 1;
   285  00012E  ECF7  F000         	call	_disable_md_uart	;wreg free
   286                           
   287                           ;modem.c: 14: LATAbits.LATA3 = 0;
   288  000132  9689               	bcf	3977,3,c	;volatile
   289                           
   290                           ;modem.c: 15: _delay((unsigned long)((200)*(8000000/4000.0)));
   291  000134  0E03               	movlw	3
   292  000136  6E14               	movwf	(??_start_modem+1)& (0+255),c
   293  000138  0E08               	movlw	8
   294  00013A  6E13               	movwf	??_start_modem& (0+255),c
   295  00013C  0E77               	movlw	119
   296  00013E                     u67:
   297  00013E  2EE8               	decfsz	wreg,f,c
   298  000140  D7FE               	bra	u67
   299  000142  2E13               	decfsz	??_start_modem& (0+255),f,c
   300  000144  D7FC               	bra	u67
   301  000146  2E14               	decfsz	(??_start_modem+1)& (0+255),f,c
   302  000148  D7FA               	bra	u67
   303  00014A  F000               	nop	
   304  00014C                     l970:
   305                           
   306                           ;modem.c: 16: LATAbits.LATA3 = 1;
   307  00014C  8689               	bsf	3977,3,c	;volatile
   308                           
   309                           ;modem.c: 17: }
   310                           ;modem.c: 18: tmr3_cnt = 0;
   311  00014E  0E00               	movlw	0
   312  000150  6E16               	movwf	_tmr3_cnt+1,c
   313  000152  0E00               	movlw	0
   314  000154  6E15               	movwf	_tmr3_cnt,c
   315                           
   316                           ;modem.c: 19: reload_tmr3_pt25s();
   317  000156  ECE1  F000         	call	_reload_tmr3_pt25s	;wreg free
   318                           
   319                           ;modem.c: 20: waitingForModemBoot = 1;
   320  00015A  0E01               	movlw	1
   321  00015C  6E19               	movwf	_waitingForModemBoot,c
   322  00015E  0012               	return		;funcret
   323  000160                     __end_of_start_modem:
   324                           	opt stack 0
   325                           tblptru	equ	0xFF8
   326                           postinc0	equ	0xFEE
   327                           wreg	equ	0xFE8
   328                           status	equ	0xFD8
   329                           
   330 ;; *************** function _reload_tmr3_pt25s *****************
   331 ;; Defined at:
   332 ;;		line 157 in file "C:/Users/Scott/InstantCare/Engineering/7102-10 - 906GN-SmokeGSMHub/Firmware/ic_hubCode_jvolk/step2
      +_wait_md_boot/main.c"
   333 ;; Parameters:    Size  Location     Type
   334 ;;		None
   335 ;; Auto vars:     Size  Location     Type
   336 ;;		None
   337 ;; Return value:  Size  Location     Type
   338 ;;                  1    wreg      void 
   339 ;; Registers used:
   340 ;;		wreg, status,2
   341 ;; Tracked objects:
   342 ;;		On entry : 0/0
   343 ;;		On exit  : 0/0
   344 ;;		Unchanged: 0/0
   345 ;; Data sizes:     COMRAM   BANK0   BANK1   BANK2   BANK3   BANK4   BANK5   BANK6   BANK7   BANK8   BANK9  BANK10  BANK1
      +1  BANK12  BANK13  BANK14  BANK15
   346 ;;      Params:         0       0       0       0       0       0       0       0       0       0       0       0       
      +0       0       0       0       0
   347 ;;      Locals:         0       0       0       0       0       0       0       0       0       0       0       0       
      +0       0       0       0       0
   348 ;;      Temps:          0       0       0       0       0       0       0       0       0       0       0       0       
      +0       0       0       0       0
   349 ;;      Totals:         0       0       0       0       0       0       0       0       0       0       0       0       
      +0       0       0       0       0
   350 ;;Total ram usage:        0 bytes
   351 ;; Hardware stack levels used:    1
   352 ;; Hardware stack levels required when called:    2
   353 ;; This function calls:
   354 ;;		Nothing
   355 ;; This function is called by:
   356 ;;		_start_modem
   357 ;; This function uses a non-reentrant model
   358 ;;
   359                           
   360                           	psect	text2
   361  0001C2                     __ptext2:
   362                           	opt stack 0
   363  0001C2                     _reload_tmr3_pt25s:
   364                           	opt stack 27
   365                           
   366                           ;main.c: 159: T3CONbits.TMR3ON = 1;
   367                           
   368                           ;incstack = 0
   369  0001C2  80B1               	bsf	4017,0,c	;volatile
   370                           
   371                           ;main.c: 160: PIE2bits.TMR3IE = 1;
   372  0001C4  82A0               	bsf	4000,1,c	;volatile
   373                           
   374                           ;main.c: 161: PIR2bits.TMR3IF = 0;
   375  0001C6  92A1               	bcf	4001,1,c	;volatile
   376                           
   377                           ;main.c: 162: TMR3H = 0x0B;
   378  0001C8  0E0B               	movlw	11
   379  0001CA  6EB3               	movwf	4019,c	;volatile
   380                           
   381                           ;main.c: 163: TMR3L = 0x45;
   382  0001CC  0E45               	movlw	69
   383  0001CE  6EB2               	movwf	4018,c	;volatile
   384  0001D0  0012               	return		;funcret
   385  0001D2                     __end_of_reload_tmr3_pt25s:
   386                           	opt stack 0
   387                           tblptru	equ	0xFF8
   388                           postinc0	equ	0xFEE
   389                           wreg	equ	0xFE8
   390                           status	equ	0xFD8
   391                           
   392 ;; *************** function _disable_md_uart *****************
   393 ;; Defined at:
   394 ;;		line 35 in file "C:/Users/Scott/InstantCare/Engineering/7102-10 - 906GN-SmokeGSMHub/Firmware/ic_hubCode_jvolk/step2_
      +wait_md_boot/uart.c"
   395 ;; Parameters:    Size  Location     Type
   396 ;;		None
   397 ;; Auto vars:     Size  Location     Type
   398 ;;		None
   399 ;; Return value:  Size  Location     Type
   400 ;;                  1    wreg      void 
   401 ;; Registers used:
   402 ;;		None
   403 ;; Tracked objects:
   404 ;;		On entry : 0/0
   405 ;;		On exit  : 0/0
   406 ;;		Unchanged: 0/0
   407 ;; Data sizes:     COMRAM   BANK0   BANK1   BANK2   BANK3   BANK4   BANK5   BANK6   BANK7   BANK8   BANK9  BANK10  BANK1
      +1  BANK12  BANK13  BANK14  BANK15
   408 ;;      Params:         0       0       0       0       0       0       0       0       0       0       0       0       
      +0       0       0       0       0
   409 ;;      Locals:         0       0       0       0       0       0       0       0       0       0       0       0       
      +0       0       0       0       0
   410 ;;      Temps:          0       0       0       0       0       0       0       0       0       0       0       0       
      +0       0       0       0       0
   411 ;;      Totals:         0       0       0       0       0       0       0       0       0       0       0       0       
      +0       0       0       0       0
   412 ;;Total ram usage:        0 bytes
   413 ;; Hardware stack levels used:    1
   414 ;; Hardware stack levels required when called:    2
   415 ;; This function calls:
   416 ;;		Nothing
   417 ;; This function is called by:
   418 ;;		_start_modem
   419 ;; This function uses a non-reentrant model
   420 ;;
   421                           
   422                           	psect	text3
   423  0001EE                     __ptext3:
   424                           	opt stack 0
   425  0001EE                     _disable_md_uart:
   426                           	opt stack 27
   427                           
   428                           ;uart.c: 38: TRISCbits.TRISC6 = 0;
   429                           
   430                           ;incstack = 0
   431  0001EE  9C94               	bcf	3988,6,c	;volatile
   432                           
   433                           ;uart.c: 39: TRISCbits.TRISC7 = 0;
   434  0001F0  9E94               	bcf	3988,7,c	;volatile
   435                           
   436                           ;uart.c: 41: RC1STAbits.SPEN = 0;
   437  0001F2  9EAB               	bcf	4011,7,c	;volatile
   438                           
   439                           ;uart.c: 43: RCSTA1bits.CREN = 0;
   440  0001F4  98AB               	bcf	4011,4,c	;volatile
   441                           
   442                           ;uart.c: 44: TXSTA1bits.TXEN = 0;
   443  0001F6  9AAC               	bcf	4012,5,c	;volatile
   444  0001F8  0012               	return		;funcret
   445  0001FA                     __end_of_disable_md_uart:
   446                           	opt stack 0
   447                           tblptru	equ	0xFF8
   448                           postinc0	equ	0xFEE
   449                           wreg	equ	0xFE8
   450                           status	equ	0xFD8
   451                           
   452 ;; *************** function _init_pic *****************
   453 ;; Defined at:
   454 ;;		line 78 in file "C:/Users/Scott/InstantCare/Engineering/7102-10 - 906GN-SmokeGSMHub/Firmware/ic_hubCode_jvolk/step2_
      +wait_md_boot/main.c"
   455 ;; Parameters:    Size  Location     Type
   456 ;;		None
   457 ;; Auto vars:     Size  Location     Type
   458 ;;		None
   459 ;; Return value:  Size  Location     Type
   460 ;;                  1    wreg      void 
   461 ;; Registers used:
   462 ;;		wreg, status,2, cstack
   463 ;; Tracked objects:
   464 ;;		On entry : 0/0
   465 ;;		On exit  : 0/0
   466 ;;		Unchanged: 0/0
   467 ;; Data sizes:     COMRAM   BANK0   BANK1   BANK2   BANK3   BANK4   BANK5   BANK6   BANK7   BANK8   BANK9  BANK10  BANK1
      +1  BANK12  BANK13  BANK14  BANK15
   468 ;;      Params:         0       0       0       0       0       0       0       0       0       0       0       0       
      +0       0       0       0       0
   469 ;;      Locals:         0       0       0       0       0       0       0       0       0       0       0       0       
      +0       0       0       0       0
   470 ;;      Temps:          0       0       0       0       0       0       0       0       0       0       0       0       
      +0       0       0       0       0
   471 ;;      Totals:         0       0       0       0       0       0       0       0       0       0       0       0       
      +0       0       0       0       0
   472 ;;Total ram usage:        0 bytes
   473 ;; Hardware stack levels used:    1
   474 ;; Hardware stack levels required when called:    4
   475 ;; This function calls:
   476 ;;		_enable_ints
   477 ;; This function is called by:
   478 ;;		_main
   479 ;; This function uses a non-reentrant model
   480 ;;
   481                           
   482                           	psect	text4
   483  0000CE                     __ptext4:
   484                           	opt stack 0
   485  0000CE                     _init_pic:
   486                           	opt stack 26
   487                           
   488                           ;main.c: 81: OSCCONbits.IDLEN = 0;
   489                           
   490                           ;incstack = 0
   491  0000CE  9ED3               	bcf	4051,7,c	;volatile
   492                           
   493                           ;main.c: 82: OSCCONbits.IRCF = 0b110;
   494  0000D0  50D3               	movf	4051,w,c	;volatile
   495  0000D2  0B8F               	andlw	-113
   496  0000D4  0960               	iorlw	96
   497  0000D6  6ED3               	movwf	4051,c	;volatile
   498                           
   499                           ;main.c: 83: OSCCONbits.OSTS = 1;
   500  0000D8  86D3               	bsf	4051,3,c	;volatile
   501                           
   502                           ;main.c: 87: ANSELA = 0x01;
   503  0000DA  0E01               	movlw	1
   504  0000DC  010F               	movlb	15	; () banked
   505  0000DE  6F38               	movwf	56,b	;volatile
   506                           
   507                           ; BSR set to: 15
   508                           ;main.c: 88: TRISAbits.TRISA0 = 1;
   509  0000E0  8092               	bsf	3986,0,c	;volatile
   510                           
   511                           ; BSR set to: 15
   512                           ;main.c: 89: TRISAbits.TRISA3 = 0;
   513  0000E2  9692               	bcf	3986,3,c	;volatile
   514                           
   515                           ; BSR set to: 15
   516                           ;main.c: 90: LATAbits.LATA3 = 0;
   517  0000E4  9689               	bcf	3977,3,c	;volatile
   518                           
   519                           ;main.c: 93: ANSELC = 0x00;
   520  0000E6  0E00               	movlw	0
   521  0000E8  6F3A               	movwf	58,b	;volatile
   522                           
   523                           ; BSR set to: 15
   524                           ;main.c: 94: LATBbits.LB3 = 1;
   525  0000EA  868A               	bsf	3978,3,c	;volatile
   526                           
   527                           ; BSR set to: 15
   528                           ;main.c: 95: TRISBbits.TRISB3 = 0;
   529  0000EC  9693               	bcf	3987,3,c	;volatile
   530                           
   531                           ; BSR set to: 15
   532                           ;main.c: 96: PORTCbits.RC6 = 1;
   533  0000EE  8C82               	bsf	3970,6,c	;volatile
   534                           
   535                           ; BSR set to: 15
   536                           ;main.c: 97: TRISCbits.TRISC6 = 0;
   537  0000F0  9C94               	bcf	3988,6,c	;volatile
   538                           
   539                           ; BSR set to: 15
   540                           ;main.c: 98: LATCbits.LATC7 = 1;
   541  0000F2  8E8B               	bsf	3979,7,c	;volatile
   542                           
   543                           ; BSR set to: 15
   544                           ;main.c: 99: TRISCbits.TRISC7 = 1;
   545  0000F4  8E94               	bsf	3988,7,c	;volatile
   546                           
   547                           ;main.c: 102: ANSELB = 0x00;
   548  0000F6  0E00               	movlw	0
   549  0000F8  6F39               	movwf	57,b	;volatile
   550                           
   551                           ; BSR set to: 15
   552                           ;main.c: 103: TRISBbits.TRISB0 = 1;
   553  0000FA  8093               	bsf	3987,0,c	;volatile
   554                           
   555                           ; BSR set to: 15
   556                           ;main.c: 104: TRISCbits.TRISC1 = 1;
   557  0000FC  8294               	bsf	3988,1,c	;volatile
   558                           
   559                           ; BSR set to: 15
   560                           ;main.c: 105: LATBbits.LB1 = 1;
   561  0000FE  828A               	bsf	3978,1,c	;volatile
   562                           
   563                           ; BSR set to: 15
   564                           ;main.c: 106: TRISBbits.TRISB1 = 1;
   565  000100  8293               	bsf	3987,1,c	;volatile
   566                           
   567                           ; BSR set to: 15
   568                           ;main.c: 107: LATBbits.LATB2 = 1;
   569  000102  848A               	bsf	3978,2,c	;volatile
   570                           
   571                           ; BSR set to: 15
   572                           ;main.c: 108: TRISBbits.TRISB2 = 1;
   573  000104  8493               	bsf	3987,2,c	;volatile
   574                           
   575                           ; BSR set to: 15
   576                           ;main.c: 109: LATCbits.LC4 = 1;
   577  000106  888B               	bsf	3979,4,c	;volatile
   578                           
   579                           ; BSR set to: 15
   580                           ;main.c: 110: TRISCbits.TRISC4 = 0;
   581  000108  9894               	bcf	3988,4,c	;volatile
   582                           
   583                           ; BSR set to: 15
   584                           ;main.c: 111: PORTBbits.RB4 = 1;
   585  00010A  8881               	bsf	3969,4,c	;volatile
   586                           
   587                           ; BSR set to: 15
   588                           ;main.c: 112: TRISBbits.TRISB4 = 1;
   589  00010C  8893               	bsf	3987,4,c	;volatile
   590                           
   591                           ; BSR set to: 15
   592                           ;main.c: 113: PORTBbits.RB5 = 1;
   593  00010E  8A81               	bsf	3969,5,c	;volatile
   594                           
   595                           ; BSR set to: 15
   596                           ;main.c: 114: TRISBbits.TRISB5 = 1;
   597  000110  8A93               	bsf	3987,5,c	;volatile
   598                           
   599                           ; BSR set to: 15
   600                           ;main.c: 115: PORTBbits.RB6 = 1;
   601  000112  8C81               	bsf	3969,6,c	;volatile
   602                           
   603                           ; BSR set to: 15
   604                           ;main.c: 116: TRISBbits.TRISB6 = 0;
   605  000114  9C93               	bcf	3987,6,c	;volatile
   606                           
   607                           ; BSR set to: 15
   608                           ;main.c: 117: PORTBbits.RB7 = 1;
   609  000116  8E81               	bsf	3969,7,c	;volatile
   610                           
   611                           ; BSR set to: 15
   612                           ;main.c: 118: TRISBbits.TRISB7 = 1;
   613  000118  8E93               	bsf	3987,7,c	;volatile
   614                           
   615                           ; BSR set to: 15
   616                           ;main.c: 120: LATAbits.LATA1 = 0;
   617  00011A  9289               	bcf	3977,1,c	;volatile
   618                           
   619                           ; BSR set to: 15
   620                           ;main.c: 121: TRISAbits.TRISA1 = 0;
   621  00011C  9292               	bcf	3986,1,c	;volatile
   622                           
   623                           ; BSR set to: 15
   624                           ;main.c: 123: enable_ints();
   625  00011E  ECF0  F000         	call	_enable_ints	;wreg free
   626                           
   627                           ;main.c: 124: STATE = NREM;
   628  000122  0E00               	movlw	0
   629  000124  6E18               	movwf	_STATE,c
   630  000126  0012               	return		;funcret
   631  000128                     __end_of_init_pic:
   632                           	opt stack 0
   633                           tblptru	equ	0xFF8
   634                           postinc0	equ	0xFEE
   635                           wreg	equ	0xFE8
   636                           status	equ	0xFD8
   637                           
   638 ;; *************** function _enable_ints *****************
   639 ;; Defined at:
   640 ;;		line 127 in file "C:/Users/Scott/InstantCare/Engineering/7102-10 - 906GN-SmokeGSMHub/Firmware/ic_hubCode_jvolk/step2
      +_wait_md_boot/main.c"
   641 ;; Parameters:    Size  Location     Type
   642 ;;		None
   643 ;; Auto vars:     Size  Location     Type
   644 ;;		None
   645 ;; Return value:  Size  Location     Type
   646 ;;                  1    wreg      void 
   647 ;; Registers used:
   648 ;;		wreg, status,2, cstack
   649 ;; Tracked objects:
   650 ;;		On entry : 0/0
   651 ;;		On exit  : 0/0
   652 ;;		Unchanged: 0/0
   653 ;; Data sizes:     COMRAM   BANK0   BANK1   BANK2   BANK3   BANK4   BANK5   BANK6   BANK7   BANK8   BANK9  BANK10  BANK1
      +1  BANK12  BANK13  BANK14  BANK15
   654 ;;      Params:         0       0       0       0       0       0       0       0       0       0       0       0       
      +0       0       0       0       0
   655 ;;      Locals:         0       0       0       0       0       0       0       0       0       0       0       0       
      +0       0       0       0       0
   656 ;;      Temps:          0       0       0       0       0       0       0       0       0       0       0       0       
      +0       0       0       0       0
   657 ;;      Totals:         0       0       0       0       0       0       0       0       0       0       0       0       
      +0       0       0       0       0
   658 ;;Total ram usage:        0 bytes
   659 ;; Hardware stack levels used:    1
   660 ;; Hardware stack levels required when called:    3
   661 ;; This function calls:
   662 ;;		_start_timer0
   663 ;; This function is called by:
   664 ;;		_init_pic
   665 ;; This function uses a non-reentrant model
   666 ;;
   667                           
   668                           	psect	text5
   669  0001E0                     __ptext5:
   670                           	opt stack 0
   671  0001E0                     _enable_ints:
   672                           	opt stack 26
   673                           
   674                           ;main.c: 129: INTCONbits.GIE = 0;
   675                           
   676                           ;incstack = 0
   677  0001E0  9EF2               	bcf	intcon,7,c	;volatile
   678                           
   679                           ;main.c: 132: start_timer0();
   680  0001E2  ECD7  F000         	call	_start_timer0	;wreg free
   681                           
   682                           ;main.c: 134: INTCONbits.GIE = 0;
   683  0001E6  9EF2               	bcf	intcon,7,c	;volatile
   684                           
   685                           ;main.c: 135: INTCONbits.PEIE = 1;
   686  0001E8  8CF2               	bsf	intcon,6,c	;volatile
   687                           
   688                           ;main.c: 137: INTCONbits.GIE = 1;
   689  0001EA  8EF2               	bsf	intcon,7,c	;volatile
   690  0001EC  0012               	return		;funcret
   691  0001EE                     __end_of_enable_ints:
   692                           	opt stack 0
   693                           tblptru	equ	0xFF8
   694                           intcon	equ	0xFF2
   695                           postinc0	equ	0xFEE
   696                           wreg	equ	0xFE8
   697                           status	equ	0xFD8
   698                           
   699 ;; *************** function _start_timer0 *****************
   700 ;; Defined at:
   701 ;;		line 140 in file "C:/Users/Scott/InstantCare/Engineering/7102-10 - 906GN-SmokeGSMHub/Firmware/ic_hubCode_jvolk/step2
      +_wait_md_boot/main.c"
   702 ;; Parameters:    Size  Location     Type
   703 ;;		None
   704 ;; Auto vars:     Size  Location     Type
   705 ;;		None
   706 ;; Return value:  Size  Location     Type
   707 ;;                  1    wreg      void 
   708 ;; Registers used:
   709 ;;		wreg, status,2
   710 ;; Tracked objects:
   711 ;;		On entry : 0/0
   712 ;;		On exit  : 0/0
   713 ;;		Unchanged: 0/0
   714 ;; Data sizes:     COMRAM   BANK0   BANK1   BANK2   BANK3   BANK4   BANK5   BANK6   BANK7   BANK8   BANK9  BANK10  BANK1
      +1  BANK12  BANK13  BANK14  BANK15
   715 ;;      Params:         0       0       0       0       0       0       0       0       0       0       0       0       
      +0       0       0       0       0
   716 ;;      Locals:         0       0       0       0       0       0       0       0       0       0       0       0       
      +0       0       0       0       0
   717 ;;      Temps:          0       0       0       0       0       0       0       0       0       0       0       0       
      +0       0       0       0       0
   718 ;;      Totals:         0       0       0       0       0       0       0       0       0       0       0       0       
      +0       0       0       0       0
   719 ;;Total ram usage:        0 bytes
   720 ;; Hardware stack levels used:    1
   721 ;; Hardware stack levels required when called:    2
   722 ;; This function calls:
   723 ;;		Nothing
   724 ;; This function is called by:
   725 ;;		_enable_ints
   726 ;; This function uses a non-reentrant model
   727 ;;
   728                           
   729                           	psect	text6
   730  0001AE                     __ptext6:
   731                           	opt stack 0
   732  0001AE                     _start_timer0:
   733                           	opt stack 26
   734                           
   735                           ;main.c: 142: T0CON = 0x87;
   736                           
   737                           ;incstack = 0
   738  0001AE  0E87               	movlw	135
   739  0001B0  6ED5               	movwf	4053,c	;volatile
   740                           
   741                           ;main.c: 143: TMR0L = ((65535-781)%256);
   742  0001B2  0EF2               	movlw	242
   743  0001B4  6ED6               	movwf	4054,c	;volatile
   744                           
   745                           ;main.c: 144: TMR0H = ((65535-781)/256);
   746  0001B6  0EFC               	movlw	252
   747  0001B8  6ED7               	movwf	4055,c	;volatile
   748                           
   749                           ;main.c: 145: TMR0IF = 0;
   750  0001BA  94F2               	bcf	intcon,2,c	;volatile
   751                           
   752                           ;main.c: 146: TMR0IE = 1;
   753  0001BC  8AF2               	bsf	intcon,5,c	;volatile
   754                           
   755                           ;main.c: 147: INTCONbits.GIE = 1;
   756  0001BE  8EF2               	bsf	intcon,7,c	;volatile
   757  0001C0  0012               	return		;funcret
   758  0001C2                     __end_of_start_timer0:
   759                           	opt stack 0
   760                           tblptru	equ	0xFF8
   761                           intcon	equ	0xFF2
   762                           postinc0	equ	0xFEE
   763                           wreg	equ	0xFE8
   764                           status	equ	0xFD8
   765                           
   766 ;; *************** function _check_state *****************
   767 ;; Defined at:
   768 ;;		line 30 in file "C:/Users/Scott/InstantCare/Engineering/7102-10 - 906GN-SmokeGSMHub/Firmware/ic_hubCode_jvolk/step2_
      +wait_md_boot/state.c"
   769 ;; Parameters:    Size  Location     Type
   770 ;;		None
   771 ;; Auto vars:     Size  Location     Type
   772 ;;		None
   773 ;; Return value:  Size  Location     Type
   774 ;;                  1    wreg      void 
   775 ;; Registers used:
   776 ;;		wreg, status,2, status,0
   777 ;; Tracked objects:
   778 ;;		On entry : 0/0
   779 ;;		On exit  : 0/0
   780 ;;		Unchanged: 0/0
   781 ;; Data sizes:     COMRAM   BANK0   BANK1   BANK2   BANK3   BANK4   BANK5   BANK6   BANK7   BANK8   BANK9  BANK10  BANK1
      +1  BANK12  BANK13  BANK14  BANK15
   782 ;;      Params:         0       0       0       0       0       0       0       0       0       0       0       0       
      +0       0       0       0       0
   783 ;;      Locals:         0       0       0       0       0       0       0       0       0       0       0       0       
      +0       0       0       0       0
   784 ;;      Temps:          0       0       0       0       0       0       0       0       0       0       0       0       
      +0       0       0       0       0
   785 ;;      Totals:         0       0       0       0       0       0       0       0       0       0       0       0       
      +0       0       0       0       0
   786 ;;Total ram usage:        0 bytes
   787 ;; Hardware stack levels used:    1
   788 ;; Hardware stack levels required when called:    2
   789 ;; This function calls:
   790 ;;		Nothing
   791 ;; This function is called by:
   792 ;;		_main
   793 ;; This function uses a non-reentrant model
   794 ;;
   795                           
   796                           	psect	text7
   797  000204                     __ptext7:
   798                           	opt stack 0
   799  000204                     _check_state:
   800                           	opt stack 28
   801                           
   802                           ;state.c: 42: }
   803                           ;state.c: 43: }
   804                           
   805                           ;state.c: 36: {
   806                           
   807                           ;state.c: 33: {
   808                           ;state.c: 34: case NREM:
   809                           
   810                           ;state.c: 32: switch (STATE)
   811                           
   812                           ;incstack = 0
   813  000204  5018               	movf	_STATE,w,c
   814                           
   815                           ; Switch size 1, requested type "space"
   816                           ; Number of cases is 1, Range of values is 0 to 0
   817                           ; switch strategies available:
   818                           ; Name         Instructions Cycles
   819                           ; simple_byte            4     3 (average)
   820                           ;	Chosen strategy is simple_byte
   821  000206  0A00               	xorlw	0	; case 0
   822  000208  0012               	return	
   823  00020A                     __end_of_check_state:
   824                           	opt stack 0
   825                           tblptru	equ	0xFF8
   826                           intcon	equ	0xFF2
   827                           postinc0	equ	0xFEE
   828                           wreg	equ	0xFE8
   829                           status	equ	0xFD8
   830                           
   831 ;; *************** function _isr *****************
   832 ;; Defined at:
   833 ;;		line 16 in file "C:/Users/Scott/InstantCare/Engineering/7102-10 - 906GN-SmokeGSMHub/Firmware/ic_hubCode_jvolk/step2_
      +wait_md_boot/main.c"
   834 ;; Parameters:    Size  Location     Type
   835 ;;		None
   836 ;; Auto vars:     Size  Location     Type
   837 ;;		None
   838 ;; Return value:  Size  Location     Type
   839 ;;                  1    wreg      void 
   840 ;; Registers used:
   841 ;;		wreg, status,2, status,0, cstack
   842 ;; Tracked objects:
   843 ;;		On entry : 0/0
   844 ;;		On exit  : 0/0
   845 ;;		Unchanged: 0/0
   846 ;; Data sizes:     COMRAM   BANK0   BANK1   BANK2   BANK3   BANK4   BANK5   BANK6   BANK7   BANK8   BANK9  BANK10  BANK1
      +1  BANK12  BANK13  BANK14  BANK15
   847 ;;      Params:         0       0       0       0       0       0       0       0       0       0       0       0       
      +0       0       0       0       0
   848 ;;      Locals:         0       0       0       0       0       0       0       0       0       0       0       0       
      +0       0       0       0       0
   849 ;;      Temps:         18       0       0       0       0       0       0       0       0       0       0       0       
      +0       0       0       0       0
   850 ;;      Totals:        18       0       0       0       0       0       0       0       0       0       0       0       
      +0       0       0       0       0
   851 ;;Total ram usage:       18 bytes
   852 ;; Hardware stack levels used:    1
   853 ;; Hardware stack levels required when called:    1
   854 ;; This function calls:
   855 ;;		_control_leds
   856 ;;		_reload_timer0
   857 ;; This function is called by:
   858 ;;		Interrupt level 2
   859 ;; This function uses a non-reentrant model
   860 ;;
   861                           
   862                           	psect	intcode
   863  000008                     __pintcode:
   864                           	opt stack 0
   865  000008                     _isr:
   866                           	opt stack 26
   867                           
   868                           ;incstack = 0
   869  000008  8220               	bsf	btemp,1,c	;set compiler interrupt flag (level 2)
   870  00000A  CFFA F001          	movff	pclath,??_isr
   871  00000E  CFFB F002          	movff	pclatu,??_isr+1
   872  000012  CFE9 F003          	movff	fsr0l,??_isr+2
   873  000016  CFEA F004          	movff	fsr0h,??_isr+3
   874  00001A  CFE1 F005          	movff	fsr1l,??_isr+4
   875  00001E  CFE2 F006          	movff	fsr1h,??_isr+5
   876  000022  CFD9 F007          	movff	fsr2l,??_isr+6
   877  000026  CFDA F008          	movff	fsr2h,??_isr+7
   878  00002A  CFF3 F009          	movff	prodl,??_isr+8
   879  00002E  CFF4 F00A          	movff	prodh,??_isr+9
   880  000032  CFF6 F00B          	movff	tblptrl,??_isr+10
   881  000036  CFF7 F00C          	movff	tblptrh,??_isr+11
   882  00003A  CFF8 F00D          	movff	tblptru,??_isr+12
   883  00003E  CFF5 F00E          	movff	tablat,??_isr+13
   884  000042  C020  F00F         	movff	btemp,??_isr+14
   885  000046  C021  F010         	movff	btemp+1,??_isr+15
   886  00004A  C022  F011         	movff	btemp+2,??_isr+16
   887  00004E  C023  F012         	movff	btemp+3,??_isr+17
   888                           
   889                           ;main.c: 18: if (TMR0IF)
   890  000052  A4F2               	btfss	intcon,2,c	;volatile
   891  000054  D007               	goto	i2l85
   892                           
   893                           ;main.c: 19: {
   894                           ;main.c: 20: TMR0IF = 0;
   895  000056  94F2               	bcf	intcon,2,c	;volatile
   896                           
   897                           ;main.c: 21: reload_timer0();
   898  000058  ECFD  F000         	call	_reload_timer0	;wreg free
   899                           
   900                           ;main.c: 22: gled_tmr0_tick++;
   901  00005C  2A1F               	incf	_gled_tmr0_tick,f,c
   902                           
   903                           ;main.c: 23: bled_tmr0_tick++;
   904  00005E  2A1E               	incf	_bled_tmr0_tick,f,c
   905                           
   906                           ;main.c: 24: control_leds();
   907  000060  ECB0  F000         	call	_control_leds	;wreg free
   908  000064                     i2l85:
   909                           
   910                           ;main.c: 25: }
   911                           ;main.c: 26: if (PIR2bits.TMR3IF)
   912  000064  A2A1               	btfss	4001,1,c	;volatile
   913  000066  D00B               	goto	i2l89
   914                           
   915                           ;main.c: 27: {
   916                           ;main.c: 28: PIR2bits.TMR3IF = 0;
   917  000068  92A1               	bcf	4001,1,c	;volatile
   918                           
   919                           ;main.c: 29: if (waitingForModemBoot)
   920  00006A  5019               	movf	_waitingForModemBoot,w,c
   921  00006C  B4D8               	btfsc	status,2,c
   922  00006E  D007               	goto	i2l89
   923                           
   924                           ;main.c: 30: {
   925                           ;main.c: 31: tmr3_cnt++;
   926  000070  4A15               	infsnz	_tmr3_cnt,f,c
   927  000072  2A16               	incf	_tmr3_cnt+1,f,c
   928                           
   929                           ;main.c: 32: if (tmr3_cnt % 2 == 0)
   930  000074  B015               	btfsc	_tmr3_cnt,0,c
   931  000076  D002               	goto	i2l88
   932                           
   933                           ;main.c: 33: LATCbits.LC4=0;
   934  000078  988B               	bcf	3979,4,c	;volatile
   935  00007A  D001               	goto	i2l89
   936  00007C                     i2l88:
   937                           
   938                           ;main.c: 34: else
   939                           ;main.c: 35: LATCbits.LC4=1;
   940  00007C  888B               	bsf	3979,4,c	;volatile
   941  00007E                     i2l89:
   942  00007E  C012  F023         	movff	??_isr+17,btemp+3
   943  000082  C011  F022         	movff	??_isr+16,btemp+2
   944  000086  C010  F021         	movff	??_isr+15,btemp+1
   945  00008A  C00F  F020         	movff	??_isr+14,btemp
   946  00008E  C00E  FFF5         	movff	??_isr+13,tablat
   947  000092  C00D  FFF8         	movff	??_isr+12,tblptru
   948  000096  C00C  FFF7         	movff	??_isr+11,tblptrh
   949  00009A  C00B  FFF6         	movff	??_isr+10,tblptrl
   950  00009E  C00A  FFF4         	movff	??_isr+9,prodh
   951  0000A2  C009  FFF3         	movff	??_isr+8,prodl
   952  0000A6  C008  FFDA         	movff	??_isr+7,fsr2h
   953  0000AA  C007  FFD9         	movff	??_isr+6,fsr2l
   954  0000AE  C006  FFE2         	movff	??_isr+5,fsr1h
   955  0000B2  C005  FFE1         	movff	??_isr+4,fsr1l
   956  0000B6  C004  FFEA         	movff	??_isr+3,fsr0h
   957  0000BA  C003  FFE9         	movff	??_isr+2,fsr0l
   958  0000BE  C002  FFFB         	movff	??_isr+1,pclatu
   959  0000C2  C001  FFFA         	movff	??_isr,pclath
   960  0000C6  9220               	bcf	btemp,1,c	;clear compiler interrupt flag (level 2)
   961  0000C8  0011               	retfie		f
   962  0000CA                     __end_of_isr:
   963                           	opt stack 0
   964                           pclatu	equ	0xFFB
   965                           pclath	equ	0xFFA
   966                           tblptru	equ	0xFF8
   967                           tblptrh	equ	0xFF7
   968                           tblptrl	equ	0xFF6
   969                           tablat	equ	0xFF5
   970                           prodh	equ	0xFF4
   971                           prodl	equ	0xFF3
   972                           intcon	equ	0xFF2
   973                           postinc0	equ	0xFEE
   974                           fsr0h	equ	0xFEA
   975                           fsr0l	equ	0xFE9
   976                           wreg	equ	0xFE8
   977                           fsr1h	equ	0xFE2
   978                           fsr1l	equ	0xFE1
   979                           fsr2h	equ	0xFDA
   980                           fsr2l	equ	0xFD9
   981                           status	equ	0xFD8
   982                           
   983 ;; *************** function _reload_timer0 *****************
   984 ;; Defined at:
   985 ;;		line 151 in file "C:/Users/Scott/InstantCare/Engineering/7102-10 - 906GN-SmokeGSMHub/Firmware/ic_hubCode_jvolk/step2
      +_wait_md_boot/main.c"
   986 ;; Parameters:    Size  Location     Type
   987 ;;		None
   988 ;; Auto vars:     Size  Location     Type
   989 ;;		None
   990 ;; Return value:  Size  Location     Type
   991 ;;                  1    wreg      void 
   992 ;; Registers used:
   993 ;;		wreg, status,2
   994 ;; Tracked objects:
   995 ;;		On entry : 0/0
   996 ;;		On exit  : 0/0
   997 ;;		Unchanged: 0/0
   998 ;; Data sizes:     COMRAM   BANK0   BANK1   BANK2   BANK3   BANK4   BANK5   BANK6   BANK7   BANK8   BANK9  BANK10  BANK1
      +1  BANK12  BANK13  BANK14  BANK15
   999 ;;      Params:         0       0       0       0       0       0       0       0       0       0       0       0       
      +0       0       0       0       0
  1000 ;;      Locals:         0       0       0       0       0       0       0       0       0       0       0       0       
      +0       0       0       0       0
  1001 ;;      Temps:          0       0       0       0       0       0       0       0       0       0       0       0       
      +0       0       0       0       0
  1002 ;;      Totals:         0       0       0       0       0       0       0       0       0       0       0       0       
      +0       0       0       0       0
  1003 ;;Total ram usage:        0 bytes
  1004 ;; Hardware stack levels used:    1
  1005 ;; This function calls:
  1006 ;;		Nothing
  1007 ;; This function is called by:
  1008 ;;		_isr
  1009 ;; This function uses a non-reentrant model
  1010 ;;
  1011                           
  1012                           	psect	text9
  1013  0001FA                     __ptext9:
  1014                           	opt stack 0
  1015  0001FA                     _reload_timer0:
  1016                           	opt stack 26
  1017                           
  1018                           ;main.c: 153: TMR0L = ((65535-781)%256);
  1019                           
  1020                           ;incstack = 0
  1021  0001FA  0EF2               	movlw	242
  1022  0001FC  6ED6               	movwf	4054,c	;volatile
  1023                           
  1024                           ;main.c: 154: TMR0H = ((65535-781)/256);
  1025  0001FE  0EFC               	movlw	252
  1026  000200  6ED7               	movwf	4055,c	;volatile
  1027  000202  0012               	return		;funcret
  1028  000204                     __end_of_reload_timer0:
  1029                           	opt stack 0
  1030                           pclatu	equ	0xFFB
  1031                           pclath	equ	0xFFA
  1032                           tblptru	equ	0xFF8
  1033                           tblptrh	equ	0xFF7
  1034                           tblptrl	equ	0xFF6
  1035                           tablat	equ	0xFF5
  1036                           prodh	equ	0xFF4
  1037                           prodl	equ	0xFF3
  1038                           intcon	equ	0xFF2
  1039                           postinc0	equ	0xFEE
  1040                           fsr0h	equ	0xFEA
  1041                           fsr0l	equ	0xFE9
  1042                           wreg	equ	0xFE8
  1043                           fsr1h	equ	0xFE2
  1044                           fsr1l	equ	0xFE1
  1045                           fsr2h	equ	0xFDA
  1046                           fsr2l	equ	0xFD9
  1047                           status	equ	0xFD8
  1048                           
  1049 ;; *************** function _control_leds *****************
  1050 ;; Defined at:
  1051 ;;		line 6 in file "C:/Users/Scott/InstantCare/Engineering/7102-10 - 906GN-SmokeGSMHub/Firmware/ic_hubCode_jvolk/step2_w
      +ait_md_boot/state.c"
  1052 ;; Parameters:    Size  Location     Type
  1053 ;;		None
  1054 ;; Auto vars:     Size  Location     Type
  1055 ;;		None
  1056 ;; Return value:  Size  Location     Type
  1057 ;;                  1    wreg      void 
  1058 ;; Registers used:
  1059 ;;		wreg, status,2, status,0
  1060 ;; Tracked objects:
  1061 ;;		On entry : 0/0
  1062 ;;		On exit  : 0/0
  1063 ;;		Unchanged: 0/0
  1064 ;; Data sizes:     COMRAM   BANK0   BANK1   BANK2   BANK3   BANK4   BANK5   BANK6   BANK7   BANK8   BANK9  BANK10  BANK1
      +1  BANK12  BANK13  BANK14  BANK15
  1065 ;;      Params:         0       0       0       0       0       0       0       0       0       0       0       0       
      +0       0       0       0       0
  1066 ;;      Locals:         0       0       0       0       0       0       0       0       0       0       0       0       
      +0       0       0       0       0
  1067 ;;      Temps:          0       0       0       0       0       0       0       0       0       0       0       0       
      +0       0       0       0       0
  1068 ;;      Totals:         0       0       0       0       0       0       0       0       0       0       0       0       
      +0       0       0       0       0
  1069 ;;Total ram usage:        0 bytes
  1070 ;; Hardware stack levels used:    1
  1071 ;; This function calls:
  1072 ;;		Nothing
  1073 ;; This function is called by:
  1074 ;;		_isr
  1075 ;; This function uses a non-reentrant model
  1076 ;;
  1077                           
  1078                           	psect	text10
  1079  000160                     __ptext10:
  1080                           	opt stack 0
  1081  000160                     _control_leds:
  1082                           	opt stack 26
  1083                           
  1084                           ;state.c: 8: switch (STATE)
  1085                           
  1086                           ;incstack = 0
  1087  000160  D014               	goto	i2l170
  1088  000162                     i2l173:
  1089                           
  1090                           ;state.c: 14: LATBbits.LB3=0;
  1091  000162  968A               	bcf	3978,3,c	;volatile
  1092                           
  1093                           ;state.c: 15: break;
  1094  000164  D00F               	goto	i2l174
  1095  000166                     i2l175:
  1096                           
  1097                           ;state.c: 17: LATBbits.LB3=1;
  1098  000166  868A               	bsf	3978,3,c	;volatile
  1099                           
  1100                           ;state.c: 18: break;
  1101  000168  D00D               	goto	i2l174
  1102  00016A                     
  1103                           ;state.c: 20: gled_tmr0_tick = 0;
  1104  00016A  0E00               	movlw	0
  1105  00016C  6E1F               	movwf	_gled_tmr0_tick,c
  1106                           
  1107                           ;state.c: 22: }
  1108                           
  1109                           ;state.c: 21: break;
  1110  00016E  D00A               	goto	i2l174
  1111  000170  501F               	movf	_gled_tmr0_tick,w,c
  1112                           
  1113                           ; Switch size 1, requested type "space"
  1114                           ; Number of cases is 3, Range of values is 1 to 20
  1115                           ; switch strategies available:
  1116                           ; Name         Instructions Cycles
  1117                           ; simple_byte           10     6 (average)
  1118                           ;	Chosen strategy is simple_byte
  1119  000172  0A01               	xorlw	1	; case 1
  1120  000174  B4D8               	btfsc	status,2,c
  1121  000176  D7F5               	goto	i2l173
  1122  000178  0A04               	xorlw	4	; case 5
  1123  00017A  B4D8               	btfsc	status,2,c
  1124  00017C  D7F4               	goto	i2l175
  1125  00017E  0A11               	xorlw	17	; case 20
  1126  000180  B4D8               	btfsc	status,2,c
  1127  000182  D7F3               	goto	i2l176
  1128  000184                     i2l174:
  1129                           
  1130                           ;state.c: 24: bled_tmr0_tick = 0;
  1131  000184  0E00               	movlw	0
  1132  000186  6E1E               	movwf	_bled_tmr0_tick,c
  1133                           
  1134                           ;state.c: 26: }
  1135                           
  1136                           ;state.c: 25: break;
  1137  000188  0012               	return	
  1138  00018A                     i2l170:
  1139  00018A  5018               	movf	_STATE,w,c
  1140                           
  1141                           ; Switch size 1, requested type "space"
  1142                           ; Number of cases is 1, Range of values is 0 to 0
  1143                           ; switch strategies available:
  1144                           ; Name         Instructions Cycles
  1145                           ; simple_byte            4     3 (average)
  1146                           ;	Chosen strategy is simple_byte
  1147  00018C  0A00               	xorlw	0	; case 0
  1148  00018E  A4D8               	btfss	status,2,c
  1149  000190  0012               	return	
  1150  000192  D7EE               	goto	i2l172
  1151  000194                     __end_of_control_leds:
  1152                           	opt stack 0
  1153  0000                     pclatu	equ	0xFFB
  1154                           pclath	equ	0xFFA
  1155                           tblptru	equ	0xFF8
  1156                           tblptrh	equ	0xFF7
  1157                           tblptrl	equ	0xFF6
  1158                           tablat	equ	0xFF5
  1159                           prodh	equ	0xFF4
  1160                           prodl	equ	0xFF3
  1161                           intcon	equ	0xFF2
  1162                           postinc0	equ	0xFEE
  1163                           fsr0h	equ	0xFEA
  1164                           fsr0l	equ	0xFE9
  1165                           wreg	equ	0xFE8
  1166                           fsr1h	equ	0xFE2
  1167                           fsr1l	equ	0xFE1
  1168                           fsr2h	equ	0xFDA
  1169                           fsr2l	equ	0xFD9
  1170                           status	equ	0xFD8
  1171                           pclatu	equ	0xFFB
  1172                           pclath	equ	0xFFA
  1173                           tblptru	equ	0xFF8
  1174                           tblptrh	equ	0xFF7
  1175                           tblptrl	equ	0xFF6
  1176                           tablat	equ	0xFF5
  1177                           prodh	equ	0xFF4
  1178                           prodl	equ	0xFF3
  1179                           intcon	equ	0xFF2
  1180                           postinc0	equ	0xFEE
  1181                           fsr0h	equ	0xFEA
  1182                           fsr0l	equ	0xFE9
  1183                           wreg	equ	0xFE8
  1184                           fsr1h	equ	0xFE2
  1185                           fsr1l	equ	0xFE1
  1186                           fsr2h	equ	0xFDA
  1187                           fsr2l	equ	0xFD9
  1188                           status	equ	0xFD8
  1189                           
  1190                           	psect	rparam
  1191  0000                     pclatu	equ	0xFFB
  1192                           pclath	equ	0xFFA
  1193                           tblptru	equ	0xFF8
  1194                           tblptrh	equ	0xFF7
  1195                           tblptrl	equ	0xFF6
  1196                           tablat	equ	0xFF5
  1197                           prodh	equ	0xFF4
  1198                           prodl	equ	0xFF3
  1199                           intcon	equ	0xFF2
  1200                           postinc0	equ	0xFEE
  1201                           fsr0h	equ	0xFEA
  1202                           fsr0l	equ	0xFE9
  1203                           wreg	equ	0xFE8
  1204                           fsr1h	equ	0xFE2
  1205                           fsr1l	equ	0xFE1
  1206                           fsr2h	equ	0xFDA
  1207                           fsr2l	equ	0xFD9
  1208                           status	equ	0xFD8
  1209                           
  1210                           	psect	temp
  1211  000020                     btemp:
  1212                           	opt stack 0
  1213  000020                     	ds	1
  1214  0000                     int$flags	set	btemp
  1215  0000                     wtemp6	set	btemp+1
  1216                           pclatu	equ	0xFFB
  1217                           pclath	equ	0xFFA
  1218                           tblptru	equ	0xFF8
  1219                           tblptrh	equ	0xFF7
  1220                           tblptrl	equ	0xFF6
  1221                           tablat	equ	0xFF5
  1222                           prodh	equ	0xFF4
  1223                           prodl	equ	0xFF3
  1224                           intcon	equ	0xFF2
  1225                           postinc0	equ	0xFEE
  1226                           fsr0h	equ	0xFEA
  1227                           fsr0l	equ	0xFE9
  1228                           wreg	equ	0xFE8
  1229                           fsr1h	equ	0xFE2
  1230                           fsr1l	equ	0xFE1
  1231                           fsr2h	equ	0xFDA
  1232                           fsr2l	equ	0xFD9
  1233                           status	equ	0xFD8


Data Sizes:
    Strings     0
    Constant    0
    Data        0
    BSS         11
    Persistent  0
    Stack       0

Auto Spaces:
    Space          Size  Autos    Used
    COMRAM           94     20      31
    BANK0           160      0       0
    BANK1           256      0       0
    BANK2           256      0       0
    BANK3           256      0       0
    BANK4           256      0       0
    BANK5           256      0       0
    BANK6           256      0       0
    BANK7           256      0       0
    BANK8           256      0       0
    BANK9           256      0       0
    BANK10          256      0       0
    BANK11          256      0       0
    BANK12          256      0       0
    BANK13          256      0       0
    BANK14          256      0       0
    BANK15           56      0       0

Pointer List with Targets:

    None.

Critical Paths under _main in COMRAM

    _main->_start_modem

Critical Paths under _isr in COMRAM

    None.

Critical Paths under _main in BANK0

    None.

Critical Paths under _isr in BANK0

    None.

Critical Paths under _main in BANK1

    None.

Critical Paths under _isr in BANK1

    None.

Critical Paths under _main in BANK2

    None.

Critical Paths under _isr in BANK2

    None.

Critical Paths under _main in BANK3

    None.

Critical Paths under _isr in BANK3

    None.

Critical Paths under _main in BANK4

    None.

Critical Paths under _isr in BANK4

    None.

Critical Paths under _main in BANK5

    None.

Critical Paths under _isr in BANK5

    None.

Critical Paths under _main in BANK6

    None.

Critical Paths under _isr in BANK6

    None.

Critical Paths under _main in BANK7

    None.

Critical Paths under _isr in BANK7

    None.

Critical Paths under _main in BANK8

    None.

Critical Paths under _isr in BANK8

    None.

Critical Paths under _main in BANK9

    None.

Critical Paths under _isr in BANK9

    None.

Critical Paths under _main in BANK10

    None.

Critical Paths under _isr in BANK10

    None.

Critical Paths under _main in BANK11

    None.

Critical Paths under _isr in BANK11

    None.

Critical Paths under _main in BANK12

    None.

Critical Paths under _isr in BANK12

    None.

Critical Paths under _main in BANK13

    None.

Critical Paths under _isr in BANK13

    None.

Critical Paths under _main in BANK14

    None.

Critical Paths under _isr in BANK14

    None.

Critical Paths under _main in BANK15

    None.

Critical Paths under _isr in BANK15

    None.

Call Graph Tables:

 ---------------------------------------------------------------------------------
 (Depth) Function   	        Calls       Base Space   Used Autos Params    Refs
 ---------------------------------------------------------------------------------
 (0) _main                                                 0     0      0       0
                        _check_state
                           _init_pic
                        _start_modem
 ---------------------------------------------------------------------------------
 (1) _start_modem                                          2     2      0       0
                                             18 COMRAM     2     2      0
                    _disable_md_uart
                  _reload_tmr3_pt25s
 ---------------------------------------------------------------------------------
 (2) _reload_tmr3_pt25s                                    0     0      0       0
 ---------------------------------------------------------------------------------
 (2) _disable_md_uart                                      0     0      0       0
 ---------------------------------------------------------------------------------
 (1) _init_pic                                             0     0      0       0
                        _enable_ints
 ---------------------------------------------------------------------------------
 (2) _enable_ints                                          0     0      0       0
                       _start_timer0
 ---------------------------------------------------------------------------------
 (3) _start_timer0                                         0     0      0       0
 ---------------------------------------------------------------------------------
 (1) _check_state                                          0     0      0       0
 ---------------------------------------------------------------------------------
 Estimated maximum stack depth 3
 ---------------------------------------------------------------------------------
 (Depth) Function   	        Calls       Base Space   Used Autos Params    Refs
 ---------------------------------------------------------------------------------
 (4) _isr                                                 18    18      0       0
                                              0 COMRAM    18    18      0
                       _control_leds
                      _reload_timer0
 ---------------------------------------------------------------------------------
 (5) _reload_timer0                                        0     0      0       0
 ---------------------------------------------------------------------------------
 (5) _control_leds                                         0     0      0       0
 ---------------------------------------------------------------------------------
 Estimated maximum stack depth 5
 ---------------------------------------------------------------------------------

 Call Graph Graphs:

 _main (ROOT)
   _check_state
   _init_pic
     _enable_ints
       _start_timer0
   _start_modem
     _disable_md_uart
     _reload_tmr3_pt25s

 _isr (ROOT)
   _control_leds
   _reload_timer0

 Address spaces:
Name               Size   Autos  Total    Cost      Usage
BIGRAM             F37      0       0      37        0.0%
EEDATA             400      0       0       0        0.0%
BITBANK14          100      0       0      33        0.0%
BANK14             100      0       0      34        0.0%
BITBANK13          100      0       0      31        0.0%
BANK13             100      0       0      32        0.0%
BITBANK12          100      0       0      29        0.0%
BANK12             100      0       0      30        0.0%
BITBANK11          100      0       0      27        0.0%
BANK11             100      0       0      28        0.0%
BITBANK10          100      0       0      25        0.0%
BANK10             100      0       0      26        0.0%
BITBANK9           100      0       0      23        0.0%
BANK9              100      0       0      24        0.0%
BITBANK8           100      0       0      21        0.0%
BANK8              100      0       0      22        0.0%
BITBANK7           100      0       0      19        0.0%
BANK7              100      0       0      20        0.0%
BITBANK6           100      0       0      17        0.0%
BANK6              100      0       0      18        0.0%
BITBANK5           100      0       0      15        0.0%
BANK5              100      0       0      16        0.0%
BITBANK4           100      0       0      13        0.0%
BANK4              100      0       0      14        0.0%
BITBANK3           100      0       0      10        0.0%
BANK3              100      0       0      11        0.0%
BITBANK2           100      0       0       8        0.0%
BANK2              100      0       0       9        0.0%
BITBANK1           100      0       0       6        0.0%
BANK1              100      0       0       7        0.0%
BITBANK0            A0      0       0       4        0.0%
BANK0               A0      0       0       5        0.0%
BITCOMRAM           5E      0       0       0        0.0%
COMRAM              5E     14      1F       1       33.0%
BITBANK15           38      0       0      35        0.0%
BANK15              38      0       0      36        0.0%
BITSFR_1             0      0       0     200        0.0%
SFR_1                0      0       0     200        0.0%
BITSFR               0      0       0     200        0.0%
SFR                  0      0       0     200        0.0%
STACK                0      0       0       2        0.0%
NULL                 0      0       0       0        0.0%
ABS                  0      0      1F      12        0.0%
DATA                 0      0      1F       3        0.0%
CODE                 0      0       0       0        0.0%


Microchip Technology PIC18 Macro Assembler V1.45 build -152302408 
Symbol Table                                                                                   Thu Oct 25 16:50:55 2018

     __size_of_start_timer0 0014                 __CFG_CP0$ON 000000                 __CFG_CP1$ON 000000  
               __CFG_CP2$ON 000000                 __CFG_CP3$ON 000000                          l95 01DA  
               __CFG_CPB$ON 000000                 __CFG_CPD$ON 000000                          u67 013E  
         ??_disable_md_uart 0013                         l970 014C                         _GIE 007F97  
               _start_modem 0128                         _isr 0008                         wreg 000FE8  
                _TXSTA1bits 000FAC                __CFG_LVP$OFF 000000                        ?_isr 0001  
                      i2l85 0064                        i2l88 007C                        i2l89 007E  
                      _main 01D2                        fsr0h 000FEA                        fsr1h 000FE2  
                      fsr2h 000FDA                        fsr0l 000FE9                        fsr1l 000FE1  
                      fsr2l 000FD9                        btemp 0020                _start_timer0 01AE  
             __CFG_BORV$190 000000                  __1sTmr3Cnt 001C                        prodh 000FF4  
                      prodl 000FF3                        start 00CA               __CFG_IESO$OFF 000000  
              ___param_bank 000000                       ??_isr 0001                _BAUDCON1bits 000FB8  
             ?_control_leds 0001                       ?_main 0001                       _T0CON 000FD5  
                     i2l170 018A                       i2l172 0170                       i2l173 0162  
                     i2l174 0184                       i2l175 0166                       i2l176 016A  
                     _TMR0H 000FD7                       _TMR0L 000FD6                       _TMR3H 000FB3  
                     _TMR3L 000FB2                       _STATE 0018         _waitingForModemBoot 0019  
             __CFG_WRT0$OFF 000000               __CFG_WRT1$OFF 000000               __CFG_WRT2$OFF 000000  
             __CFG_WRT3$OFF 000000              __CFG_EBTR0$OFF 000000              __CFG_FCMEN$OFF 000000  
            __CFG_EBTR1$OFF 000000              __CFG_EBTR2$OFF 000000              __CFG_EBTR3$OFF 000000  
             __CFG_WRTB$OFF 000000               __CFG_WRTC$OFF 000000               __CFG_WRTD$OFF 000000  
            __CFG_EBTRB$OFF 000000        __size_of_check_state 0006          __CFG_MCLRE$INTMCLR 000000  
                     pclath 000FFA                       tablat 000FF5                       status 000FD8  
                     wtemp6 0021              __CFG_HFOFST$ON 000000             __initialization 0194  
              __end_of_main 01E0       __end_of_reload_timer0 0204              ??_control_leds 0001  
            _bled_tmr0_tick 001E                      ??_main 0015               __activetblptr 000002  
      __size_of_enable_ints 000E                      _ANSELA 000F38                      _ANSELB 000F39  
                    _ANSELC 000F3A                      _TMR0IE 007F95                      _SPBRG1 000FAF  
                    _TMR0IF 007F92              __CFG_WDTPS$256 000000              __CFG_XINST$OFF 000000  
            __CFG_STVREN$ON 000000            __end_of_init_pic 0128                      clear_0 019A  
                    tblptrh 000FF7                      tblptrl 000FF6                      tblptru 000FF8  
                __accesstop 0060     __end_of__initialization 01A0             __CFG_PBADEN$OFF 000000  
           _disable_md_uart 01EE               ___rparam_used 000001              __pcstackCOMRAM 0001  
              ?_start_modem 0001             __CFG_PLLCFG$OFF 000000        __end_of_control_leds 0194  
        __CFG_CCP2MX$PORTC1 000000          __CFG_CCP3MX$PORTB5 000000             __CFG_WDTEN$SWON 000000  
                   _SPBRGH1 000FB0     __end_of_disable_md_uart 01FA                   ?_init_pic 0001  
           __CFG_PWRTEN$OFF 000000                     __Hparam 0000                     __Lparam 0000  
                   __pcinit 0194                     __ramtop 1000                     __ptext0 01D2  
                   __ptext1 0128                     __ptext2 01C2                     __ptext3 01EE  
                   __ptext4 00CE                     __ptext5 01E0                     __ptext6 01AE  
                   __ptext7 0204                     __ptext9 01FA                  _modemAwake 001B  
              __size_of_isr 00C2                   _T3CONbits 000FB1               ??_check_state 0013  
      end_of_initialization 01A0               __Lmediumconst 0000                  ??_init_pic 0013  
                   postinc0 000FEE                   _PORTBbits 000F81                   _PORTCbits 000F82  
             ??_enable_ints 0013            __CFG_FOSC$INTIO7 000000                   _TRISAbits 000F92  
                 _TRISBbits 000F93                   _TRISCbits 000F94        __size_of_start_modem 0038  
     __size_of_control_leds 0034            ?_disable_md_uart 0001      __size_of_reload_timer0 000A  
       __end_of_check_state 020A             _modemMayBeAwake 001A                 _BAUDCONbits 000FB8  
              _control_leds 0160         start_initialization 0194                 __end_of_isr 00CA  
       __end_of_enable_ints 01EE               ?_start_timer0 0001               _reload_timer0 01FA  
               __pbssCOMRAM 0015                 _check_state 0204              ??_start_timer0 0013  
         __size_of_init_pic 005A                   __pintcode 0008              ?_reload_timer0 0001  
          __CFG_PRICLKEN$ON 000000                 _enable_ints 01E0                    _LATAbits 000F89  
                  _LATBbits 000F8A                    _LATCbits 000F8B                    _PIE1bits 000F9D  
                  _PIE2bits 000FA0                    _PIR1bits 000F9E                    _PIR2bits 000FA1  
         _reload_tmr3_pt25s 01C2          ?_reload_tmr3_pt25s 0001         ??_reload_tmr3_pt25s 0013  
                  __Hrparam 0000   __end_of_reload_tmr3_pt25s 01D2             ??_reload_timer0 0001  
                  __Lrparam 0000          __CFG_BOREN$SBORDIS 000000           __CFG_P2BMX$PORTB5 000000  
      __end_of_start_timer0 01C2               ??_start_modem 0013              _gled_tmr0_tick 001F  
                  __ptext10 0160               __size_of_main 000E                    _init_pic 00CE  
                  _tmr3_cnt 0015    __size_of_disable_md_uart 000C                  _RC1STAbits 000FAB  
                  int$flags 0020                  _INTCONbits 000FF2                ?_check_state 0001  
       __end_of_start_modem 0160                 __25sTmr3Cnt 001D                    intlevel2 0000  
                _RCSTA1bits 000FAB                  _OSCCONbits 000FD3  __size_of_reload_tmr3_pt25s 0010  
              ?_enable_ints 0001                  _PREV_STATE 0017           __CFG_T3CMX$PORTC0 000000  
